2024-11-08 19:10:08	/Users/jonathann/Sites/knowledge-base/lib/plugins/ckgedit/helper.php(142)	E_WARNING: Trying to access array offset on null
  #0 /Users/jonathann/Sites/knowledge-base/lib/plugins/ckgedit/helper.php(142): dokuwiki\ErrorHandler::errorHandler(2, 'Trying to acces...', '/Users/jonathan...', 142)
  #1 /Users/jonathann/Sites/knowledge-base/lib/plugins/ckgedit/action/edit.php(656): helper_plugin_ckgedit->registerOnLoad('\n\t\t   ckgeditCK...')
  #2 /Users/jonathann/Sites/knowledge-base/lib/plugins/ckgedit/action/edit.php(180): action_plugin_ckgedit_edit->_print()
  #3 /Users/jonathann/Sites/knowledge-base/inc/Extension/EventHandler.php(80): action_plugin_ckgedit_edit->ckgedit_edit(Object(dokuwiki\Extension\Event), NULL)
  #4 /Users/jonathann/Sites/knowledge-base/inc/Extension/Event.php(75): dokuwiki\Extension\EventHandler->process_event(Object(dokuwiki\Extension\Event), 'BEFORE')
  #5 /Users/jonathann/Sites/knowledge-base/inc/Extension/Event.php(133): dokuwiki\Extension\Event->advise_before(true)
  #6 /Users/jonathann/Sites/knowledge-base/inc/Extension/Event.php(200): dokuwiki\Extension\Event->trigger('tpl_content_cor...', true)
  #7 /Users/jonathann/Sites/knowledge-base/inc/template.php(102): dokuwiki\Extension\Event::createAndTrigger('TPL_ACT_RENDER', 'edit', 'tpl_content_cor...')
  #8 /Users/jonathann/Sites/knowledge-base/lib/tpl/dokuwiki/main.php(60): tpl_content()
  #9 /Users/jonathann/Sites/knowledge-base/inc/actions.php(30): include('/Users/jonathan...')
  #10 /Users/jonathann/Sites/knowledge-base/doku.php(131): act_dispatch()
  #11 {main}
2024-11-08 19:10:08	/Users/jonathann/Sites/knowledge-base/lib/plugins/ckgedit/helper.php(143)	E_WARNING: Trying to access array offset on null
  #0 /Users/jonathann/Sites/knowledge-base/lib/plugins/ckgedit/helper.php(143): dokuwiki\ErrorHandler::errorHandler(2, 'Trying to acces...', '/Users/jonathan...', 143)
  #1 /Users/jonathann/Sites/knowledge-base/lib/plugins/ckgedit/action/edit.php(656): helper_plugin_ckgedit->registerOnLoad('\n\t\t   ckgeditCK...')
  #2 /Users/jonathann/Sites/knowledge-base/lib/plugins/ckgedit/action/edit.php(180): action_plugin_ckgedit_edit->_print()
  #3 /Users/jonathann/Sites/knowledge-base/inc/Extension/EventHandler.php(80): action_plugin_ckgedit_edit->ckgedit_edit(Object(dokuwiki\Extension\Event), NULL)
  #4 /Users/jonathann/Sites/knowledge-base/inc/Extension/Event.php(75): dokuwiki\Extension\EventHandler->process_event(Object(dokuwiki\Extension\Event), 'BEFORE')
  #5 /Users/jonathann/Sites/knowledge-base/inc/Extension/Event.php(133): dokuwiki\Extension\Event->advise_before(true)
  #6 /Users/jonathann/Sites/knowledge-base/inc/Extension/Event.php(200): dokuwiki\Extension\Event->trigger('tpl_content_cor...', true)
  #7 /Users/jonathann/Sites/knowledge-base/inc/template.php(102): dokuwiki\Extension\Event::createAndTrigger('TPL_ACT_RENDER', 'edit', 'tpl_content_cor...')
  #8 /Users/jonathann/Sites/knowledge-base/lib/tpl/dokuwiki/main.php(60): tpl_content()
  #9 /Users/jonathann/Sites/knowledge-base/inc/actions.php(30): include('/Users/jonathan...')
  #10 /Users/jonathann/Sites/knowledge-base/doku.php(131): act_dispatch()
  #11 {main}
2024-11-08 19:10:08	/Users/jonathann/Sites/knowledge-base/lib/plugins/ckgedit/helper.php(146)	E_WARNING: Trying to access array offset on null
  #0 /Users/jonathann/Sites/knowledge-base/lib/plugins/ckgedit/helper.php(146): dokuwiki\ErrorHandler::errorHandler(2, 'Trying to acces...', '/Users/jonathan...', 146)
  #1 /Users/jonathann/Sites/knowledge-base/lib/plugins/ckgedit/action/edit.php(656): helper_plugin_ckgedit->registerOnLoad('\n\t\t   ckgeditCK...')
  #2 /Users/jonathann/Sites/knowledge-base/lib/plugins/ckgedit/action/edit.php(180): action_plugin_ckgedit_edit->_print()
  #3 /Users/jonathann/Sites/knowledge-base/inc/Extension/EventHandler.php(80): action_plugin_ckgedit_edit->ckgedit_edit(Object(dokuwiki\Extension\Event), NULL)
  #4 /Users/jonathann/Sites/knowledge-base/inc/Extension/Event.php(75): dokuwiki\Extension\EventHandler->process_event(Object(dokuwiki\Extension\Event), 'BEFORE')
  #5 /Users/jonathann/Sites/knowledge-base/inc/Extension/Event.php(133): dokuwiki\Extension\Event->advise_before(true)
  #6 /Users/jonathann/Sites/knowledge-base/inc/Extension/Event.php(200): dokuwiki\Extension\Event->trigger('tpl_content_cor...', true)
  #7 /Users/jonathann/Sites/knowledge-base/inc/template.php(102): dokuwiki\Extension\Event::createAndTrigger('TPL_ACT_RENDER', 'edit', 'tpl_content_cor...')
  #8 /Users/jonathann/Sites/knowledge-base/lib/tpl/dokuwiki/main.php(60): tpl_content()
  #9 /Users/jonathann/Sites/knowledge-base/inc/actions.php(30): include('/Users/jonathan...')
  #10 /Users/jonathann/Sites/knowledge-base/doku.php(131): act_dispatch()
  #11 {main}
2024-11-08 19:10:20	/Users/jonathann/Sites/knowledge-base/lib/plugins/ckgedit/helper.php(142)	E_WARNING: Trying to access array offset on null
  #0 /Users/jonathann/Sites/knowledge-base/lib/plugins/ckgedit/helper.php(142): dokuwiki\ErrorHandler::errorHandler(2, 'Trying to acces...', '/Users/jonathan...', 142)
  #1 /Users/jonathann/Sites/knowledge-base/lib/plugins/ckgedit/action/edit.php(656): helper_plugin_ckgedit->registerOnLoad('\n\t\t   ckgeditCK...')
  #2 /Users/jonathann/Sites/knowledge-base/lib/plugins/ckgedit/action/edit.php(180): action_plugin_ckgedit_edit->_print()
  #3 /Users/jonathann/Sites/knowledge-base/inc/Extension/EventHandler.php(80): action_plugin_ckgedit_edit->ckgedit_edit(Object(dokuwiki\Extension\Event), NULL)
  #4 /Users/jonathann/Sites/knowledge-base/inc/Extension/Event.php(75): dokuwiki\Extension\EventHandler->process_event(Object(dokuwiki\Extension\Event), 'BEFORE')
  #5 /Users/jonathann/Sites/knowledge-base/inc/Extension/Event.php(133): dokuwiki\Extension\Event->advise_before(true)
  #6 /Users/jonathann/Sites/knowledge-base/inc/Extension/Event.php(200): dokuwiki\Extension\Event->trigger('tpl_content_cor...', true)
  #7 /Users/jonathann/Sites/knowledge-base/inc/template.php(102): dokuwiki\Extension\Event::createAndTrigger('TPL_ACT_RENDER', 'edit', 'tpl_content_cor...')
  #8 /Users/jonathann/Sites/knowledge-base/lib/tpl/dokuwiki/main.php(60): tpl_content()
  #9 /Users/jonathann/Sites/knowledge-base/inc/actions.php(30): include('/Users/jonathan...')
  #10 /Users/jonathann/Sites/knowledge-base/doku.php(131): act_dispatch()
  #11 {main}
2024-11-08 19:10:20	/Users/jonathann/Sites/knowledge-base/lib/plugins/ckgedit/helper.php(143)	E_WARNING: Trying to access array offset on null
  #0 /Users/jonathann/Sites/knowledge-base/lib/plugins/ckgedit/helper.php(143): dokuwiki\ErrorHandler::errorHandler(2, 'Trying to acces...', '/Users/jonathan...', 143)
  #1 /Users/jonathann/Sites/knowledge-base/lib/plugins/ckgedit/action/edit.php(656): helper_plugin_ckgedit->registerOnLoad('\n\t\t   ckgeditCK...')
  #2 /Users/jonathann/Sites/knowledge-base/lib/plugins/ckgedit/action/edit.php(180): action_plugin_ckgedit_edit->_print()
  #3 /Users/jonathann/Sites/knowledge-base/inc/Extension/EventHandler.php(80): action_plugin_ckgedit_edit->ckgedit_edit(Object(dokuwiki\Extension\Event), NULL)
  #4 /Users/jonathann/Sites/knowledge-base/inc/Extension/Event.php(75): dokuwiki\Extension\EventHandler->process_event(Object(dokuwiki\Extension\Event), 'BEFORE')
  #5 /Users/jonathann/Sites/knowledge-base/inc/Extension/Event.php(133): dokuwiki\Extension\Event->advise_before(true)
  #6 /Users/jonathann/Sites/knowledge-base/inc/Extension/Event.php(200): dokuwiki\Extension\Event->trigger('tpl_content_cor...', true)
  #7 /Users/jonathann/Sites/knowledge-base/inc/template.php(102): dokuwiki\Extension\Event::createAndTrigger('TPL_ACT_RENDER', 'edit', 'tpl_content_cor...')
  #8 /Users/jonathann/Sites/knowledge-base/lib/tpl/dokuwiki/main.php(60): tpl_content()
  #9 /Users/jonathann/Sites/knowledge-base/inc/actions.php(30): include('/Users/jonathan...')
  #10 /Users/jonathann/Sites/knowledge-base/doku.php(131): act_dispatch()
  #11 {main}
2024-11-08 19:10:20	/Users/jonathann/Sites/knowledge-base/lib/plugins/ckgedit/helper.php(146)	E_WARNING: Trying to access array offset on null
  #0 /Users/jonathann/Sites/knowledge-base/lib/plugins/ckgedit/helper.php(146): dokuwiki\ErrorHandler::errorHandler(2, 'Trying to acces...', '/Users/jonathan...', 146)
  #1 /Users/jonathann/Sites/knowledge-base/lib/plugins/ckgedit/action/edit.php(656): helper_plugin_ckgedit->registerOnLoad('\n\t\t   ckgeditCK...')
  #2 /Users/jonathann/Sites/knowledge-base/lib/plugins/ckgedit/action/edit.php(180): action_plugin_ckgedit_edit->_print()
  #3 /Users/jonathann/Sites/knowledge-base/inc/Extension/EventHandler.php(80): action_plugin_ckgedit_edit->ckgedit_edit(Object(dokuwiki\Extension\Event), NULL)
  #4 /Users/jonathann/Sites/knowledge-base/inc/Extension/Event.php(75): dokuwiki\Extension\EventHandler->process_event(Object(dokuwiki\Extension\Event), 'BEFORE')
  #5 /Users/jonathann/Sites/knowledge-base/inc/Extension/Event.php(133): dokuwiki\Extension\Event->advise_before(true)
  #6 /Users/jonathann/Sites/knowledge-base/inc/Extension/Event.php(200): dokuwiki\Extension\Event->trigger('tpl_content_cor...', true)
  #7 /Users/jonathann/Sites/knowledge-base/inc/template.php(102): dokuwiki\Extension\Event::createAndTrigger('TPL_ACT_RENDER', 'edit', 'tpl_content_cor...')
  #8 /Users/jonathann/Sites/knowledge-base/lib/tpl/dokuwiki/main.php(60): tpl_content()
  #9 /Users/jonathann/Sites/knowledge-base/inc/actions.php(30): include('/Users/jonathan...')
  #10 /Users/jonathann/Sites/knowledge-base/doku.php(131): act_dispatch()
  #11 {main}
2024-11-08 19:10:29	/Users/jonathann/Sites/knowledge-base/lib/plugins/ckgedit/helper.php(142)	E_WARNING: Trying to access array offset on null
  #0 /Users/jonathann/Sites/knowledge-base/lib/plugins/ckgedit/helper.php(142): dokuwiki\ErrorHandler::errorHandler(2, 'Trying to acces...', '/Users/jonathan...', 142)
  #1 /Users/jonathann/Sites/knowledge-base/lib/plugins/ckgedit/action/edit.php(656): helper_plugin_ckgedit->registerOnLoad('\n\t\t   ckgeditCK...')
  #2 /Users/jonathann/Sites/knowledge-base/lib/plugins/ckgedit/action/edit.php(180): action_plugin_ckgedit_edit->_print()
  #3 /Users/jonathann/Sites/knowledge-base/inc/Extension/EventHandler.php(80): action_plugin_ckgedit_edit->ckgedit_edit(Object(dokuwiki\Extension\Event), NULL)
  #4 /Users/jonathann/Sites/knowledge-base/inc/Extension/Event.php(75): dokuwiki\Extension\EventHandler->process_event(Object(dokuwiki\Extension\Event), 'BEFORE')
  #5 /Users/jonathann/Sites/knowledge-base/inc/Extension/Event.php(133): dokuwiki\Extension\Event->advise_before(true)
  #6 /Users/jonathann/Sites/knowledge-base/inc/Extension/Event.php(200): dokuwiki\Extension\Event->trigger('tpl_content_cor...', true)
  #7 /Users/jonathann/Sites/knowledge-base/inc/template.php(102): dokuwiki\Extension\Event::createAndTrigger('TPL_ACT_RENDER', 'edit', 'tpl_content_cor...')
  #8 /Users/jonathann/Sites/knowledge-base/lib/tpl/dokuwiki/main.php(60): tpl_content()
  #9 /Users/jonathann/Sites/knowledge-base/inc/actions.php(30): include('/Users/jonathan...')
  #10 /Users/jonathann/Sites/knowledge-base/doku.php(131): act_dispatch()
  #11 {main}
2024-11-08 19:10:29	/Users/jonathann/Sites/knowledge-base/lib/plugins/ckgedit/helper.php(143)	E_WARNING: Trying to access array offset on null
  #0 /Users/jonathann/Sites/knowledge-base/lib/plugins/ckgedit/helper.php(143): dokuwiki\ErrorHandler::errorHandler(2, 'Trying to acces...', '/Users/jonathan...', 143)
  #1 /Users/jonathann/Sites/knowledge-base/lib/plugins/ckgedit/action/edit.php(656): helper_plugin_ckgedit->registerOnLoad('\n\t\t   ckgeditCK...')
  #2 /Users/jonathann/Sites/knowledge-base/lib/plugins/ckgedit/action/edit.php(180): action_plugin_ckgedit_edit->_print()
  #3 /Users/jonathann/Sites/knowledge-base/inc/Extension/EventHandler.php(80): action_plugin_ckgedit_edit->ckgedit_edit(Object(dokuwiki\Extension\Event), NULL)
  #4 /Users/jonathann/Sites/knowledge-base/inc/Extension/Event.php(75): dokuwiki\Extension\EventHandler->process_event(Object(dokuwiki\Extension\Event), 'BEFORE')
  #5 /Users/jonathann/Sites/knowledge-base/inc/Extension/Event.php(133): dokuwiki\Extension\Event->advise_before(true)
  #6 /Users/jonathann/Sites/knowledge-base/inc/Extension/Event.php(200): dokuwiki\Extension\Event->trigger('tpl_content_cor...', true)
  #7 /Users/jonathann/Sites/knowledge-base/inc/template.php(102): dokuwiki\Extension\Event::createAndTrigger('TPL_ACT_RENDER', 'edit', 'tpl_content_cor...')
  #8 /Users/jonathann/Sites/knowledge-base/lib/tpl/dokuwiki/main.php(60): tpl_content()
  #9 /Users/jonathann/Sites/knowledge-base/inc/actions.php(30): include('/Users/jonathan...')
  #10 /Users/jonathann/Sites/knowledge-base/doku.php(131): act_dispatch()
  #11 {main}
2024-11-08 19:10:29	/Users/jonathann/Sites/knowledge-base/lib/plugins/ckgedit/helper.php(146)	E_WARNING: Trying to access array offset on null
  #0 /Users/jonathann/Sites/knowledge-base/lib/plugins/ckgedit/helper.php(146): dokuwiki\ErrorHandler::errorHandler(2, 'Trying to acces...', '/Users/jonathan...', 146)
  #1 /Users/jonathann/Sites/knowledge-base/lib/plugins/ckgedit/action/edit.php(656): helper_plugin_ckgedit->registerOnLoad('\n\t\t   ckgeditCK...')
  #2 /Users/jonathann/Sites/knowledge-base/lib/plugins/ckgedit/action/edit.php(180): action_plugin_ckgedit_edit->_print()
  #3 /Users/jonathann/Sites/knowledge-base/inc/Extension/EventHandler.php(80): action_plugin_ckgedit_edit->ckgedit_edit(Object(dokuwiki\Extension\Event), NULL)
  #4 /Users/jonathann/Sites/knowledge-base/inc/Extension/Event.php(75): dokuwiki\Extension\EventHandler->process_event(Object(dokuwiki\Extension\Event), 'BEFORE')
  #5 /Users/jonathann/Sites/knowledge-base/inc/Extension/Event.php(133): dokuwiki\Extension\Event->advise_before(true)
  #6 /Users/jonathann/Sites/knowledge-base/inc/Extension/Event.php(200): dokuwiki\Extension\Event->trigger('tpl_content_cor...', true)
  #7 /Users/jonathann/Sites/knowledge-base/inc/template.php(102): dokuwiki\Extension\Event::createAndTrigger('TPL_ACT_RENDER', 'edit', 'tpl_content_cor...')
  #8 /Users/jonathann/Sites/knowledge-base/lib/tpl/dokuwiki/main.php(60): tpl_content()
  #9 /Users/jonathann/Sites/knowledge-base/inc/actions.php(30): include('/Users/jonathan...')
  #10 /Users/jonathann/Sites/knowledge-base/doku.php(131): act_dispatch()
  #11 {main}
2024-11-08 19:10:39	/Users/jonathann/Sites/knowledge-base/lib/plugins/ckgedit/helper.php(142)	E_WARNING: Trying to access array offset on null
  #0 /Users/jonathann/Sites/knowledge-base/lib/plugins/ckgedit/helper.php(142): dokuwiki\ErrorHandler::errorHandler(2, 'Trying to acces...', '/Users/jonathan...', 142)
  #1 /Users/jonathann/Sites/knowledge-base/lib/plugins/ckgedit/action/edit.php(656): helper_plugin_ckgedit->registerOnLoad('\n\t\t   ckgeditCK...')
  #2 /Users/jonathann/Sites/knowledge-base/lib/plugins/ckgedit/action/edit.php(180): action_plugin_ckgedit_edit->_print()
  #3 /Users/jonathann/Sites/knowledge-base/inc/Extension/EventHandler.php(80): action_plugin_ckgedit_edit->ckgedit_edit(Object(dokuwiki\Extension\Event), NULL)
  #4 /Users/jonathann/Sites/knowledge-base/inc/Extension/Event.php(75): dokuwiki\Extension\EventHandler->process_event(Object(dokuwiki\Extension\Event), 'BEFORE')
  #5 /Users/jonathann/Sites/knowledge-base/inc/Extension/Event.php(133): dokuwiki\Extension\Event->advise_before(true)
  #6 /Users/jonathann/Sites/knowledge-base/inc/Extension/Event.php(200): dokuwiki\Extension\Event->trigger('tpl_content_cor...', true)
  #7 /Users/jonathann/Sites/knowledge-base/inc/template.php(102): dokuwiki\Extension\Event::createAndTrigger('TPL_ACT_RENDER', 'edit', 'tpl_content_cor...')
  #8 /Users/jonathann/Sites/knowledge-base/lib/tpl/dokuwiki/main.php(60): tpl_content()
  #9 /Users/jonathann/Sites/knowledge-base/inc/actions.php(30): include('/Users/jonathan...')
  #10 /Users/jonathann/Sites/knowledge-base/doku.php(131): act_dispatch()
  #11 {main}
2024-11-08 19:10:39	/Users/jonathann/Sites/knowledge-base/lib/plugins/ckgedit/helper.php(143)	E_WARNING: Trying to access array offset on null
  #0 /Users/jonathann/Sites/knowledge-base/lib/plugins/ckgedit/helper.php(143): dokuwiki\ErrorHandler::errorHandler(2, 'Trying to acces...', '/Users/jonathan...', 143)
  #1 /Users/jonathann/Sites/knowledge-base/lib/plugins/ckgedit/action/edit.php(656): helper_plugin_ckgedit->registerOnLoad('\n\t\t   ckgeditCK...')
  #2 /Users/jonathann/Sites/knowledge-base/lib/plugins/ckgedit/action/edit.php(180): action_plugin_ckgedit_edit->_print()
  #3 /Users/jonathann/Sites/knowledge-base/inc/Extension/EventHandler.php(80): action_plugin_ckgedit_edit->ckgedit_edit(Object(dokuwiki\Extension\Event), NULL)
  #4 /Users/jonathann/Sites/knowledge-base/inc/Extension/Event.php(75): dokuwiki\Extension\EventHandler->process_event(Object(dokuwiki\Extension\Event), 'BEFORE')
  #5 /Users/jonathann/Sites/knowledge-base/inc/Extension/Event.php(133): dokuwiki\Extension\Event->advise_before(true)
  #6 /Users/jonathann/Sites/knowledge-base/inc/Extension/Event.php(200): dokuwiki\Extension\Event->trigger('tpl_content_cor...', true)
  #7 /Users/jonathann/Sites/knowledge-base/inc/template.php(102): dokuwiki\Extension\Event::createAndTrigger('TPL_ACT_RENDER', 'edit', 'tpl_content_cor...')
  #8 /Users/jonathann/Sites/knowledge-base/lib/tpl/dokuwiki/main.php(60): tpl_content()
  #9 /Users/jonathann/Sites/knowledge-base/inc/actions.php(30): include('/Users/jonathan...')
  #10 /Users/jonathann/Sites/knowledge-base/doku.php(131): act_dispatch()
  #11 {main}
2024-11-08 19:10:39	/Users/jonathann/Sites/knowledge-base/lib/plugins/ckgedit/helper.php(146)	E_WARNING: Trying to access array offset on null
  #0 /Users/jonathann/Sites/knowledge-base/lib/plugins/ckgedit/helper.php(146): dokuwiki\ErrorHandler::errorHandler(2, 'Trying to acces...', '/Users/jonathan...', 146)
  #1 /Users/jonathann/Sites/knowledge-base/lib/plugins/ckgedit/action/edit.php(656): helper_plugin_ckgedit->registerOnLoad('\n\t\t   ckgeditCK...')
  #2 /Users/jonathann/Sites/knowledge-base/lib/plugins/ckgedit/action/edit.php(180): action_plugin_ckgedit_edit->_print()
  #3 /Users/jonathann/Sites/knowledge-base/inc/Extension/EventHandler.php(80): action_plugin_ckgedit_edit->ckgedit_edit(Object(dokuwiki\Extension\Event), NULL)
  #4 /Users/jonathann/Sites/knowledge-base/inc/Extension/Event.php(75): dokuwiki\Extension\EventHandler->process_event(Object(dokuwiki\Extension\Event), 'BEFORE')
  #5 /Users/jonathann/Sites/knowledge-base/inc/Extension/Event.php(133): dokuwiki\Extension\Event->advise_before(true)
  #6 /Users/jonathann/Sites/knowledge-base/inc/Extension/Event.php(200): dokuwiki\Extension\Event->trigger('tpl_content_cor...', true)
  #7 /Users/jonathann/Sites/knowledge-base/inc/template.php(102): dokuwiki\Extension\Event::createAndTrigger('TPL_ACT_RENDER', 'edit', 'tpl_content_cor...')
  #8 /Users/jonathann/Sites/knowledge-base/lib/tpl/dokuwiki/main.php(60): tpl_content()
  #9 /Users/jonathann/Sites/knowledge-base/inc/actions.php(30): include('/Users/jonathan...')
  #10 /Users/jonathann/Sites/knowledge-base/doku.php(131): act_dispatch()
  #11 {main}
2024-11-08 20:08:05	/Users/jonathann/Sites/knowledge-base/lib/plugins/ckgedit/helper.php(142)	E_WARNING: Trying to access array offset on null
  #0 /Users/jonathann/Sites/knowledge-base/lib/plugins/ckgedit/helper.php(142): dokuwiki\ErrorHandler::errorHandler(2, 'Trying to acces...', '/Users/jonathan...', 142)
  #1 /Users/jonathann/Sites/knowledge-base/lib/plugins/ckgedit/action/edit.php(656): helper_plugin_ckgedit->registerOnLoad('\n\t\t   ckgeditCK...')
  #2 /Users/jonathann/Sites/knowledge-base/lib/plugins/ckgedit/action/edit.php(180): action_plugin_ckgedit_edit->_print()
  #3 /Users/jonathann/Sites/knowledge-base/inc/Extension/EventHandler.php(80): action_plugin_ckgedit_edit->ckgedit_edit(Object(dokuwiki\Extension\Event), NULL)
  #4 /Users/jonathann/Sites/knowledge-base/inc/Extension/Event.php(75): dokuwiki\Extension\EventHandler->process_event(Object(dokuwiki\Extension\Event), 'BEFORE')
  #5 /Users/jonathann/Sites/knowledge-base/inc/Extension/Event.php(133): dokuwiki\Extension\Event->advise_before(true)
  #6 /Users/jonathann/Sites/knowledge-base/inc/Extension/Event.php(200): dokuwiki\Extension\Event->trigger('tpl_content_cor...', true)
  #7 /Users/jonathann/Sites/knowledge-base/inc/template.php(102): dokuwiki\Extension\Event::createAndTrigger('TPL_ACT_RENDER', 'edit', 'tpl_content_cor...')
  #8 /Users/jonathann/Sites/knowledge-base/lib/tpl/dokuwiki/main.php(60): tpl_content()
  #9 /Users/jonathann/Sites/knowledge-base/inc/actions.php(30): include('/Users/jonathan...')
  #10 /Users/jonathann/Sites/knowledge-base/doku.php(131): act_dispatch()
  #11 {main}
2024-11-08 20:08:05	/Users/jonathann/Sites/knowledge-base/lib/plugins/ckgedit/helper.php(143)	E_WARNING: Trying to access array offset on null
  #0 /Users/jonathann/Sites/knowledge-base/lib/plugins/ckgedit/helper.php(143): dokuwiki\ErrorHandler::errorHandler(2, 'Trying to acces...', '/Users/jonathan...', 143)
  #1 /Users/jonathann/Sites/knowledge-base/lib/plugins/ckgedit/action/edit.php(656): helper_plugin_ckgedit->registerOnLoad('\n\t\t   ckgeditCK...')
  #2 /Users/jonathann/Sites/knowledge-base/lib/plugins/ckgedit/action/edit.php(180): action_plugin_ckgedit_edit->_print()
  #3 /Users/jonathann/Sites/knowledge-base/inc/Extension/EventHandler.php(80): action_plugin_ckgedit_edit->ckgedit_edit(Object(dokuwiki\Extension\Event), NULL)
  #4 /Users/jonathann/Sites/knowledge-base/inc/Extension/Event.php(75): dokuwiki\Extension\EventHandler->process_event(Object(dokuwiki\Extension\Event), 'BEFORE')
  #5 /Users/jonathann/Sites/knowledge-base/inc/Extension/Event.php(133): dokuwiki\Extension\Event->advise_before(true)
  #6 /Users/jonathann/Sites/knowledge-base/inc/Extension/Event.php(200): dokuwiki\Extension\Event->trigger('tpl_content_cor...', true)
  #7 /Users/jonathann/Sites/knowledge-base/inc/template.php(102): dokuwiki\Extension\Event::createAndTrigger('TPL_ACT_RENDER', 'edit', 'tpl_content_cor...')
  #8 /Users/jonathann/Sites/knowledge-base/lib/tpl/dokuwiki/main.php(60): tpl_content()
  #9 /Users/jonathann/Sites/knowledge-base/inc/actions.php(30): include('/Users/jonathan...')
  #10 /Users/jonathann/Sites/knowledge-base/doku.php(131): act_dispatch()
  #11 {main}
2024-11-08 20:08:05	/Users/jonathann/Sites/knowledge-base/lib/plugins/ckgedit/helper.php(146)	E_WARNING: Trying to access array offset on null
  #0 /Users/jonathann/Sites/knowledge-base/lib/plugins/ckgedit/helper.php(146): dokuwiki\ErrorHandler::errorHandler(2, 'Trying to acces...', '/Users/jonathan...', 146)
  #1 /Users/jonathann/Sites/knowledge-base/lib/plugins/ckgedit/action/edit.php(656): helper_plugin_ckgedit->registerOnLoad('\n\t\t   ckgeditCK...')
  #2 /Users/jonathann/Sites/knowledge-base/lib/plugins/ckgedit/action/edit.php(180): action_plugin_ckgedit_edit->_print()
  #3 /Users/jonathann/Sites/knowledge-base/inc/Extension/EventHandler.php(80): action_plugin_ckgedit_edit->ckgedit_edit(Object(dokuwiki\Extension\Event), NULL)
  #4 /Users/jonathann/Sites/knowledge-base/inc/Extension/Event.php(75): dokuwiki\Extension\EventHandler->process_event(Object(dokuwiki\Extension\Event), 'BEFORE')
  #5 /Users/jonathann/Sites/knowledge-base/inc/Extension/Event.php(133): dokuwiki\Extension\Event->advise_before(true)
  #6 /Users/jonathann/Sites/knowledge-base/inc/Extension/Event.php(200): dokuwiki\Extension\Event->trigger('tpl_content_cor...', true)
  #7 /Users/jonathann/Sites/knowledge-base/inc/template.php(102): dokuwiki\Extension\Event::createAndTrigger('TPL_ACT_RENDER', 'edit', 'tpl_content_cor...')
  #8 /Users/jonathann/Sites/knowledge-base/lib/tpl/dokuwiki/main.php(60): tpl_content()
  #9 /Users/jonathann/Sites/knowledge-base/inc/actions.php(30): include('/Users/jonathan...')
  #10 /Users/jonathann/Sites/knowledge-base/doku.php(131): act_dispatch()
  #11 {main}
2024-11-08 20:09:18	/Users/jonathann/Sites/knowledge-base/lib/plugins/ckgedit/helper.php(142)	E_WARNING: Trying to access array offset on null
  #0 /Users/jonathann/Sites/knowledge-base/lib/plugins/ckgedit/helper.php(142): dokuwiki\ErrorHandler::errorHandler(2, 'Trying to acces...', '/Users/jonathan...', 142)
  #1 /Users/jonathann/Sites/knowledge-base/lib/plugins/ckgedit/action/edit.php(656): helper_plugin_ckgedit->registerOnLoad('\n\t\t   ckgeditCK...')
  #2 /Users/jonathann/Sites/knowledge-base/lib/plugins/ckgedit/action/edit.php(180): action_plugin_ckgedit_edit->_print()
  #3 /Users/jonathann/Sites/knowledge-base/inc/Extension/EventHandler.php(80): action_plugin_ckgedit_edit->ckgedit_edit(Object(dokuwiki\Extension\Event), NULL)
  #4 /Users/jonathann/Sites/knowledge-base/inc/Extension/Event.php(75): dokuwiki\Extension\EventHandler->process_event(Object(dokuwiki\Extension\Event), 'BEFORE')
  #5 /Users/jonathann/Sites/knowledge-base/inc/Extension/Event.php(133): dokuwiki\Extension\Event->advise_before(true)
  #6 /Users/jonathann/Sites/knowledge-base/inc/Extension/Event.php(200): dokuwiki\Extension\Event->trigger('tpl_content_cor...', true)
  #7 /Users/jonathann/Sites/knowledge-base/inc/template.php(102): dokuwiki\Extension\Event::createAndTrigger('TPL_ACT_RENDER', 'edit', 'tpl_content_cor...')
  #8 /Users/jonathann/Sites/knowledge-base/lib/tpl/dokuwiki/main.php(60): tpl_content()
  #9 /Users/jonathann/Sites/knowledge-base/inc/actions.php(30): include('/Users/jonathan...')
  #10 /Users/jonathann/Sites/knowledge-base/doku.php(131): act_dispatch()
  #11 {main}
2024-11-08 20:09:18	/Users/jonathann/Sites/knowledge-base/lib/plugins/ckgedit/helper.php(143)	E_WARNING: Trying to access array offset on null
  #0 /Users/jonathann/Sites/knowledge-base/lib/plugins/ckgedit/helper.php(143): dokuwiki\ErrorHandler::errorHandler(2, 'Trying to acces...', '/Users/jonathan...', 143)
  #1 /Users/jonathann/Sites/knowledge-base/lib/plugins/ckgedit/action/edit.php(656): helper_plugin_ckgedit->registerOnLoad('\n\t\t   ckgeditCK...')
  #2 /Users/jonathann/Sites/knowledge-base/lib/plugins/ckgedit/action/edit.php(180): action_plugin_ckgedit_edit->_print()
  #3 /Users/jonathann/Sites/knowledge-base/inc/Extension/EventHandler.php(80): action_plugin_ckgedit_edit->ckgedit_edit(Object(dokuwiki\Extension\Event), NULL)
  #4 /Users/jonathann/Sites/knowledge-base/inc/Extension/Event.php(75): dokuwiki\Extension\EventHandler->process_event(Object(dokuwiki\Extension\Event), 'BEFORE')
  #5 /Users/jonathann/Sites/knowledge-base/inc/Extension/Event.php(133): dokuwiki\Extension\Event->advise_before(true)
  #6 /Users/jonathann/Sites/knowledge-base/inc/Extension/Event.php(200): dokuwiki\Extension\Event->trigger('tpl_content_cor...', true)
  #7 /Users/jonathann/Sites/knowledge-base/inc/template.php(102): dokuwiki\Extension\Event::createAndTrigger('TPL_ACT_RENDER', 'edit', 'tpl_content_cor...')
  #8 /Users/jonathann/Sites/knowledge-base/lib/tpl/dokuwiki/main.php(60): tpl_content()
  #9 /Users/jonathann/Sites/knowledge-base/inc/actions.php(30): include('/Users/jonathan...')
  #10 /Users/jonathann/Sites/knowledge-base/doku.php(131): act_dispatch()
  #11 {main}
2024-11-08 20:09:18	/Users/jonathann/Sites/knowledge-base/lib/plugins/ckgedit/helper.php(146)	E_WARNING: Trying to access array offset on null
  #0 /Users/jonathann/Sites/knowledge-base/lib/plugins/ckgedit/helper.php(146): dokuwiki\ErrorHandler::errorHandler(2, 'Trying to acces...', '/Users/jonathan...', 146)
  #1 /Users/jonathann/Sites/knowledge-base/lib/plugins/ckgedit/action/edit.php(656): helper_plugin_ckgedit->registerOnLoad('\n\t\t   ckgeditCK...')
  #2 /Users/jonathann/Sites/knowledge-base/lib/plugins/ckgedit/action/edit.php(180): action_plugin_ckgedit_edit->_print()
  #3 /Users/jonathann/Sites/knowledge-base/inc/Extension/EventHandler.php(80): action_plugin_ckgedit_edit->ckgedit_edit(Object(dokuwiki\Extension\Event), NULL)
  #4 /Users/jonathann/Sites/knowledge-base/inc/Extension/Event.php(75): dokuwiki\Extension\EventHandler->process_event(Object(dokuwiki\Extension\Event), 'BEFORE')
  #5 /Users/jonathann/Sites/knowledge-base/inc/Extension/Event.php(133): dokuwiki\Extension\Event->advise_before(true)
  #6 /Users/jonathann/Sites/knowledge-base/inc/Extension/Event.php(200): dokuwiki\Extension\Event->trigger('tpl_content_cor...', true)
  #7 /Users/jonathann/Sites/knowledge-base/inc/template.php(102): dokuwiki\Extension\Event::createAndTrigger('TPL_ACT_RENDER', 'edit', 'tpl_content_cor...')
  #8 /Users/jonathann/Sites/knowledge-base/lib/tpl/dokuwiki/main.php(60): tpl_content()
  #9 /Users/jonathann/Sites/knowledge-base/inc/actions.php(30): include('/Users/jonathan...')
  #10 /Users/jonathann/Sites/knowledge-base/doku.php(131): act_dispatch()
  #11 {main}
2024-11-08 20:09:42	/Users/jonathann/Sites/knowledge-base/lib/plugins/ckgedit/helper.php(142)	E_WARNING: Trying to access array offset on null
  #0 /Users/jonathann/Sites/knowledge-base/lib/plugins/ckgedit/helper.php(142): dokuwiki\ErrorHandler::errorHandler(2, 'Trying to acces...', '/Users/jonathan...', 142)
  #1 /Users/jonathann/Sites/knowledge-base/lib/plugins/ckgedit/action/edit.php(656): helper_plugin_ckgedit->registerOnLoad('\n\t\t   ckgeditCK...')
  #2 /Users/jonathann/Sites/knowledge-base/lib/plugins/ckgedit/action/edit.php(180): action_plugin_ckgedit_edit->_print()
  #3 /Users/jonathann/Sites/knowledge-base/inc/Extension/EventHandler.php(80): action_plugin_ckgedit_edit->ckgedit_edit(Object(dokuwiki\Extension\Event), NULL)
  #4 /Users/jonathann/Sites/knowledge-base/inc/Extension/Event.php(75): dokuwiki\Extension\EventHandler->process_event(Object(dokuwiki\Extension\Event), 'BEFORE')
  #5 /Users/jonathann/Sites/knowledge-base/inc/Extension/Event.php(133): dokuwiki\Extension\Event->advise_before(true)
  #6 /Users/jonathann/Sites/knowledge-base/inc/Extension/Event.php(200): dokuwiki\Extension\Event->trigger('tpl_content_cor...', true)
  #7 /Users/jonathann/Sites/knowledge-base/inc/template.php(102): dokuwiki\Extension\Event::createAndTrigger('TPL_ACT_RENDER', 'edit', 'tpl_content_cor...')
  #8 /Users/jonathann/Sites/knowledge-base/lib/tpl/dokuwiki/main.php(60): tpl_content()
  #9 /Users/jonathann/Sites/knowledge-base/inc/actions.php(30): include('/Users/jonathan...')
  #10 /Users/jonathann/Sites/knowledge-base/doku.php(131): act_dispatch()
  #11 {main}
2024-11-08 20:09:42	/Users/jonathann/Sites/knowledge-base/lib/plugins/ckgedit/helper.php(143)	E_WARNING: Trying to access array offset on null
  #0 /Users/jonathann/Sites/knowledge-base/lib/plugins/ckgedit/helper.php(143): dokuwiki\ErrorHandler::errorHandler(2, 'Trying to acces...', '/Users/jonathan...', 143)
  #1 /Users/jonathann/Sites/knowledge-base/lib/plugins/ckgedit/action/edit.php(656): helper_plugin_ckgedit->registerOnLoad('\n\t\t   ckgeditCK...')
  #2 /Users/jonathann/Sites/knowledge-base/lib/plugins/ckgedit/action/edit.php(180): action_plugin_ckgedit_edit->_print()
  #3 /Users/jonathann/Sites/knowledge-base/inc/Extension/EventHandler.php(80): action_plugin_ckgedit_edit->ckgedit_edit(Object(dokuwiki\Extension\Event), NULL)
  #4 /Users/jonathann/Sites/knowledge-base/inc/Extension/Event.php(75): dokuwiki\Extension\EventHandler->process_event(Object(dokuwiki\Extension\Event), 'BEFORE')
  #5 /Users/jonathann/Sites/knowledge-base/inc/Extension/Event.php(133): dokuwiki\Extension\Event->advise_before(true)
  #6 /Users/jonathann/Sites/knowledge-base/inc/Extension/Event.php(200): dokuwiki\Extension\Event->trigger('tpl_content_cor...', true)
  #7 /Users/jonathann/Sites/knowledge-base/inc/template.php(102): dokuwiki\Extension\Event::createAndTrigger('TPL_ACT_RENDER', 'edit', 'tpl_content_cor...')
  #8 /Users/jonathann/Sites/knowledge-base/lib/tpl/dokuwiki/main.php(60): tpl_content()
  #9 /Users/jonathann/Sites/knowledge-base/inc/actions.php(30): include('/Users/jonathan...')
  #10 /Users/jonathann/Sites/knowledge-base/doku.php(131): act_dispatch()
  #11 {main}
2024-11-08 20:09:42	/Users/jonathann/Sites/knowledge-base/lib/plugins/ckgedit/helper.php(146)	E_WARNING: Trying to access array offset on null
  #0 /Users/jonathann/Sites/knowledge-base/lib/plugins/ckgedit/helper.php(146): dokuwiki\ErrorHandler::errorHandler(2, 'Trying to acces...', '/Users/jonathan...', 146)
  #1 /Users/jonathann/Sites/knowledge-base/lib/plugins/ckgedit/action/edit.php(656): helper_plugin_ckgedit->registerOnLoad('\n\t\t   ckgeditCK...')
  #2 /Users/jonathann/Sites/knowledge-base/lib/plugins/ckgedit/action/edit.php(180): action_plugin_ckgedit_edit->_print()
  #3 /Users/jonathann/Sites/knowledge-base/inc/Extension/EventHandler.php(80): action_plugin_ckgedit_edit->ckgedit_edit(Object(dokuwiki\Extension\Event), NULL)
  #4 /Users/jonathann/Sites/knowledge-base/inc/Extension/Event.php(75): dokuwiki\Extension\EventHandler->process_event(Object(dokuwiki\Extension\Event), 'BEFORE')
  #5 /Users/jonathann/Sites/knowledge-base/inc/Extension/Event.php(133): dokuwiki\Extension\Event->advise_before(true)
  #6 /Users/jonathann/Sites/knowledge-base/inc/Extension/Event.php(200): dokuwiki\Extension\Event->trigger('tpl_content_cor...', true)
  #7 /Users/jonathann/Sites/knowledge-base/inc/template.php(102): dokuwiki\Extension\Event::createAndTrigger('TPL_ACT_RENDER', 'edit', 'tpl_content_cor...')
  #8 /Users/jonathann/Sites/knowledge-base/lib/tpl/dokuwiki/main.php(60): tpl_content()
  #9 /Users/jonathann/Sites/knowledge-base/inc/actions.php(30): include('/Users/jonathan...')
  #10 /Users/jonathann/Sites/knowledge-base/doku.php(131): act_dispatch()
  #11 {main}
2024-11-08 20:09:54	/Users/jonathann/Sites/knowledge-base/lib/plugins/ckgedit/helper.php(142)	E_WARNING: Trying to access array offset on null
  #0 /Users/jonathann/Sites/knowledge-base/lib/plugins/ckgedit/helper.php(142): dokuwiki\ErrorHandler::errorHandler(2, 'Trying to acces...', '/Users/jonathan...', 142)
  #1 /Users/jonathann/Sites/knowledge-base/lib/plugins/ckgedit/action/edit.php(656): helper_plugin_ckgedit->registerOnLoad('\n\t\t   ckgeditCK...')
  #2 /Users/jonathann/Sites/knowledge-base/lib/plugins/ckgedit/action/edit.php(180): action_plugin_ckgedit_edit->_print()
  #3 /Users/jonathann/Sites/knowledge-base/inc/Extension/EventHandler.php(80): action_plugin_ckgedit_edit->ckgedit_edit(Object(dokuwiki\Extension\Event), NULL)
  #4 /Users/jonathann/Sites/knowledge-base/inc/Extension/Event.php(75): dokuwiki\Extension\EventHandler->process_event(Object(dokuwiki\Extension\Event), 'BEFORE')
  #5 /Users/jonathann/Sites/knowledge-base/inc/Extension/Event.php(133): dokuwiki\Extension\Event->advise_before(true)
  #6 /Users/jonathann/Sites/knowledge-base/inc/Extension/Event.php(200): dokuwiki\Extension\Event->trigger('tpl_content_cor...', true)
  #7 /Users/jonathann/Sites/knowledge-base/inc/template.php(102): dokuwiki\Extension\Event::createAndTrigger('TPL_ACT_RENDER', 'edit', 'tpl_content_cor...')
  #8 /Users/jonathann/Sites/knowledge-base/lib/tpl/dokuwiki/main.php(60): tpl_content()
  #9 /Users/jonathann/Sites/knowledge-base/inc/actions.php(30): include('/Users/jonathan...')
  #10 /Users/jonathann/Sites/knowledge-base/doku.php(131): act_dispatch()
  #11 {main}
2024-11-08 20:09:54	/Users/jonathann/Sites/knowledge-base/lib/plugins/ckgedit/helper.php(143)	E_WARNING: Trying to access array offset on null
  #0 /Users/jonathann/Sites/knowledge-base/lib/plugins/ckgedit/helper.php(143): dokuwiki\ErrorHandler::errorHandler(2, 'Trying to acces...', '/Users/jonathan...', 143)
  #1 /Users/jonathann/Sites/knowledge-base/lib/plugins/ckgedit/action/edit.php(656): helper_plugin_ckgedit->registerOnLoad('\n\t\t   ckgeditCK...')
  #2 /Users/jonathann/Sites/knowledge-base/lib/plugins/ckgedit/action/edit.php(180): action_plugin_ckgedit_edit->_print()
  #3 /Users/jonathann/Sites/knowledge-base/inc/Extension/EventHandler.php(80): action_plugin_ckgedit_edit->ckgedit_edit(Object(dokuwiki\Extension\Event), NULL)
  #4 /Users/jonathann/Sites/knowledge-base/inc/Extension/Event.php(75): dokuwiki\Extension\EventHandler->process_event(Object(dokuwiki\Extension\Event), 'BEFORE')
  #5 /Users/jonathann/Sites/knowledge-base/inc/Extension/Event.php(133): dokuwiki\Extension\Event->advise_before(true)
  #6 /Users/jonathann/Sites/knowledge-base/inc/Extension/Event.php(200): dokuwiki\Extension\Event->trigger('tpl_content_cor...', true)
  #7 /Users/jonathann/Sites/knowledge-base/inc/template.php(102): dokuwiki\Extension\Event::createAndTrigger('TPL_ACT_RENDER', 'edit', 'tpl_content_cor...')
  #8 /Users/jonathann/Sites/knowledge-base/lib/tpl/dokuwiki/main.php(60): tpl_content()
  #9 /Users/jonathann/Sites/knowledge-base/inc/actions.php(30): include('/Users/jonathan...')
  #10 /Users/jonathann/Sites/knowledge-base/doku.php(131): act_dispatch()
  #11 {main}
2024-11-08 20:09:54	/Users/jonathann/Sites/knowledge-base/lib/plugins/ckgedit/helper.php(146)	E_WARNING: Trying to access array offset on null
  #0 /Users/jonathann/Sites/knowledge-base/lib/plugins/ckgedit/helper.php(146): dokuwiki\ErrorHandler::errorHandler(2, 'Trying to acces...', '/Users/jonathan...', 146)
  #1 /Users/jonathann/Sites/knowledge-base/lib/plugins/ckgedit/action/edit.php(656): helper_plugin_ckgedit->registerOnLoad('\n\t\t   ckgeditCK...')
  #2 /Users/jonathann/Sites/knowledge-base/lib/plugins/ckgedit/action/edit.php(180): action_plugin_ckgedit_edit->_print()
  #3 /Users/jonathann/Sites/knowledge-base/inc/Extension/EventHandler.php(80): action_plugin_ckgedit_edit->ckgedit_edit(Object(dokuwiki\Extension\Event), NULL)
  #4 /Users/jonathann/Sites/knowledge-base/inc/Extension/Event.php(75): dokuwiki\Extension\EventHandler->process_event(Object(dokuwiki\Extension\Event), 'BEFORE')
  #5 /Users/jonathann/Sites/knowledge-base/inc/Extension/Event.php(133): dokuwiki\Extension\Event->advise_before(true)
  #6 /Users/jonathann/Sites/knowledge-base/inc/Extension/Event.php(200): dokuwiki\Extension\Event->trigger('tpl_content_cor...', true)
  #7 /Users/jonathann/Sites/knowledge-base/inc/template.php(102): dokuwiki\Extension\Event::createAndTrigger('TPL_ACT_RENDER', 'edit', 'tpl_content_cor...')
  #8 /Users/jonathann/Sites/knowledge-base/lib/tpl/dokuwiki/main.php(60): tpl_content()
  #9 /Users/jonathann/Sites/knowledge-base/inc/actions.php(30): include('/Users/jonathan...')
  #10 /Users/jonathann/Sites/knowledge-base/doku.php(131): act_dispatch()
  #11 {main}
2024-11-08 20:10:39	/Users/jonathann/Sites/knowledge-base/lib/plugins/ckgedit/helper.php(142)	E_WARNING: Trying to access array offset on null
  #0 /Users/jonathann/Sites/knowledge-base/lib/plugins/ckgedit/helper.php(142): dokuwiki\ErrorHandler::errorHandler(2, 'Trying to acces...', '/Users/jonathan...', 142)
  #1 /Users/jonathann/Sites/knowledge-base/lib/plugins/ckgedit/action/edit.php(656): helper_plugin_ckgedit->registerOnLoad('\n\t\t   ckgeditCK...')
  #2 /Users/jonathann/Sites/knowledge-base/lib/plugins/ckgedit/action/edit.php(180): action_plugin_ckgedit_edit->_print()
  #3 /Users/jonathann/Sites/knowledge-base/inc/Extension/EventHandler.php(80): action_plugin_ckgedit_edit->ckgedit_edit(Object(dokuwiki\Extension\Event), NULL)
  #4 /Users/jonathann/Sites/knowledge-base/inc/Extension/Event.php(75): dokuwiki\Extension\EventHandler->process_event(Object(dokuwiki\Extension\Event), 'BEFORE')
  #5 /Users/jonathann/Sites/knowledge-base/inc/Extension/Event.php(133): dokuwiki\Extension\Event->advise_before(true)
  #6 /Users/jonathann/Sites/knowledge-base/inc/Extension/Event.php(200): dokuwiki\Extension\Event->trigger('tpl_content_cor...', true)
  #7 /Users/jonathann/Sites/knowledge-base/inc/template.php(102): dokuwiki\Extension\Event::createAndTrigger('TPL_ACT_RENDER', 'edit', 'tpl_content_cor...')
  #8 /Users/jonathann/Sites/knowledge-base/lib/tpl/dokuwiki/main.php(60): tpl_content()
  #9 /Users/jonathann/Sites/knowledge-base/inc/actions.php(30): include('/Users/jonathan...')
  #10 /Users/jonathann/Sites/knowledge-base/doku.php(131): act_dispatch()
  #11 {main}
2024-11-08 20:10:39	/Users/jonathann/Sites/knowledge-base/lib/plugins/ckgedit/helper.php(143)	E_WARNING: Trying to access array offset on null
  #0 /Users/jonathann/Sites/knowledge-base/lib/plugins/ckgedit/helper.php(143): dokuwiki\ErrorHandler::errorHandler(2, 'Trying to acces...', '/Users/jonathan...', 143)
  #1 /Users/jonathann/Sites/knowledge-base/lib/plugins/ckgedit/action/edit.php(656): helper_plugin_ckgedit->registerOnLoad('\n\t\t   ckgeditCK...')
  #2 /Users/jonathann/Sites/knowledge-base/lib/plugins/ckgedit/action/edit.php(180): action_plugin_ckgedit_edit->_print()
  #3 /Users/jonathann/Sites/knowledge-base/inc/Extension/EventHandler.php(80): action_plugin_ckgedit_edit->ckgedit_edit(Object(dokuwiki\Extension\Event), NULL)
  #4 /Users/jonathann/Sites/knowledge-base/inc/Extension/Event.php(75): dokuwiki\Extension\EventHandler->process_event(Object(dokuwiki\Extension\Event), 'BEFORE')
  #5 /Users/jonathann/Sites/knowledge-base/inc/Extension/Event.php(133): dokuwiki\Extension\Event->advise_before(true)
  #6 /Users/jonathann/Sites/knowledge-base/inc/Extension/Event.php(200): dokuwiki\Extension\Event->trigger('tpl_content_cor...', true)
  #7 /Users/jonathann/Sites/knowledge-base/inc/template.php(102): dokuwiki\Extension\Event::createAndTrigger('TPL_ACT_RENDER', 'edit', 'tpl_content_cor...')
  #8 /Users/jonathann/Sites/knowledge-base/lib/tpl/dokuwiki/main.php(60): tpl_content()
  #9 /Users/jonathann/Sites/knowledge-base/inc/actions.php(30): include('/Users/jonathan...')
  #10 /Users/jonathann/Sites/knowledge-base/doku.php(131): act_dispatch()
  #11 {main}
2024-11-08 20:10:39	/Users/jonathann/Sites/knowledge-base/lib/plugins/ckgedit/helper.php(146)	E_WARNING: Trying to access array offset on null
  #0 /Users/jonathann/Sites/knowledge-base/lib/plugins/ckgedit/helper.php(146): dokuwiki\ErrorHandler::errorHandler(2, 'Trying to acces...', '/Users/jonathan...', 146)
  #1 /Users/jonathann/Sites/knowledge-base/lib/plugins/ckgedit/action/edit.php(656): helper_plugin_ckgedit->registerOnLoad('\n\t\t   ckgeditCK...')
  #2 /Users/jonathann/Sites/knowledge-base/lib/plugins/ckgedit/action/edit.php(180): action_plugin_ckgedit_edit->_print()
  #3 /Users/jonathann/Sites/knowledge-base/inc/Extension/EventHandler.php(80): action_plugin_ckgedit_edit->ckgedit_edit(Object(dokuwiki\Extension\Event), NULL)
  #4 /Users/jonathann/Sites/knowledge-base/inc/Extension/Event.php(75): dokuwiki\Extension\EventHandler->process_event(Object(dokuwiki\Extension\Event), 'BEFORE')
  #5 /Users/jonathann/Sites/knowledge-base/inc/Extension/Event.php(133): dokuwiki\Extension\Event->advise_before(true)
  #6 /Users/jonathann/Sites/knowledge-base/inc/Extension/Event.php(200): dokuwiki\Extension\Event->trigger('tpl_content_cor...', true)
  #7 /Users/jonathann/Sites/knowledge-base/inc/template.php(102): dokuwiki\Extension\Event::createAndTrigger('TPL_ACT_RENDER', 'edit', 'tpl_content_cor...')
  #8 /Users/jonathann/Sites/knowledge-base/lib/tpl/dokuwiki/main.php(60): tpl_content()
  #9 /Users/jonathann/Sites/knowledge-base/inc/actions.php(30): include('/Users/jonathan...')
  #10 /Users/jonathann/Sites/knowledge-base/doku.php(131): act_dispatch()
  #11 {main}
2024-11-08 20:11:33	/Users/jonathann/Sites/knowledge-base/lib/plugins/ckgedit/helper.php(142)	E_WARNING: Trying to access array offset on null
  #0 /Users/jonathann/Sites/knowledge-base/lib/plugins/ckgedit/helper.php(142): dokuwiki\ErrorHandler::errorHandler(2, 'Trying to acces...', '/Users/jonathan...', 142)
  #1 /Users/jonathann/Sites/knowledge-base/lib/plugins/ckgedit/action/edit.php(656): helper_plugin_ckgedit->registerOnLoad('\n\t\t   ckgeditCK...')
  #2 /Users/jonathann/Sites/knowledge-base/lib/plugins/ckgedit/action/edit.php(180): action_plugin_ckgedit_edit->_print()
  #3 /Users/jonathann/Sites/knowledge-base/inc/Extension/EventHandler.php(80): action_plugin_ckgedit_edit->ckgedit_edit(Object(dokuwiki\Extension\Event), NULL)
  #4 /Users/jonathann/Sites/knowledge-base/inc/Extension/Event.php(75): dokuwiki\Extension\EventHandler->process_event(Object(dokuwiki\Extension\Event), 'BEFORE')
  #5 /Users/jonathann/Sites/knowledge-base/inc/Extension/Event.php(133): dokuwiki\Extension\Event->advise_before(true)
  #6 /Users/jonathann/Sites/knowledge-base/inc/Extension/Event.php(200): dokuwiki\Extension\Event->trigger('tpl_content_cor...', true)
  #7 /Users/jonathann/Sites/knowledge-base/inc/template.php(102): dokuwiki\Extension\Event::createAndTrigger('TPL_ACT_RENDER', 'edit', 'tpl_content_cor...')
  #8 /Users/jonathann/Sites/knowledge-base/lib/tpl/dokuwiki/main.php(60): tpl_content()
  #9 /Users/jonathann/Sites/knowledge-base/inc/actions.php(30): include('/Users/jonathan...')
  #10 /Users/jonathann/Sites/knowledge-base/doku.php(131): act_dispatch()
  #11 {main}
2024-11-08 20:11:33	/Users/jonathann/Sites/knowledge-base/lib/plugins/ckgedit/helper.php(143)	E_WARNING: Trying to access array offset on null
  #0 /Users/jonathann/Sites/knowledge-base/lib/plugins/ckgedit/helper.php(143): dokuwiki\ErrorHandler::errorHandler(2, 'Trying to acces...', '/Users/jonathan...', 143)
  #1 /Users/jonathann/Sites/knowledge-base/lib/plugins/ckgedit/action/edit.php(656): helper_plugin_ckgedit->registerOnLoad('\n\t\t   ckgeditCK...')
  #2 /Users/jonathann/Sites/knowledge-base/lib/plugins/ckgedit/action/edit.php(180): action_plugin_ckgedit_edit->_print()
  #3 /Users/jonathann/Sites/knowledge-base/inc/Extension/EventHandler.php(80): action_plugin_ckgedit_edit->ckgedit_edit(Object(dokuwiki\Extension\Event), NULL)
  #4 /Users/jonathann/Sites/knowledge-base/inc/Extension/Event.php(75): dokuwiki\Extension\EventHandler->process_event(Object(dokuwiki\Extension\Event), 'BEFORE')
  #5 /Users/jonathann/Sites/knowledge-base/inc/Extension/Event.php(133): dokuwiki\Extension\Event->advise_before(true)
  #6 /Users/jonathann/Sites/knowledge-base/inc/Extension/Event.php(200): dokuwiki\Extension\Event->trigger('tpl_content_cor...', true)
  #7 /Users/jonathann/Sites/knowledge-base/inc/template.php(102): dokuwiki\Extension\Event::createAndTrigger('TPL_ACT_RENDER', 'edit', 'tpl_content_cor...')
  #8 /Users/jonathann/Sites/knowledge-base/lib/tpl/dokuwiki/main.php(60): tpl_content()
  #9 /Users/jonathann/Sites/knowledge-base/inc/actions.php(30): include('/Users/jonathan...')
  #10 /Users/jonathann/Sites/knowledge-base/doku.php(131): act_dispatch()
  #11 {main}
2024-11-08 20:11:33	/Users/jonathann/Sites/knowledge-base/lib/plugins/ckgedit/helper.php(146)	E_WARNING: Trying to access array offset on null
  #0 /Users/jonathann/Sites/knowledge-base/lib/plugins/ckgedit/helper.php(146): dokuwiki\ErrorHandler::errorHandler(2, 'Trying to acces...', '/Users/jonathan...', 146)
  #1 /Users/jonathann/Sites/knowledge-base/lib/plugins/ckgedit/action/edit.php(656): helper_plugin_ckgedit->registerOnLoad('\n\t\t   ckgeditCK...')
  #2 /Users/jonathann/Sites/knowledge-base/lib/plugins/ckgedit/action/edit.php(180): action_plugin_ckgedit_edit->_print()
  #3 /Users/jonathann/Sites/knowledge-base/inc/Extension/EventHandler.php(80): action_plugin_ckgedit_edit->ckgedit_edit(Object(dokuwiki\Extension\Event), NULL)
  #4 /Users/jonathann/Sites/knowledge-base/inc/Extension/Event.php(75): dokuwiki\Extension\EventHandler->process_event(Object(dokuwiki\Extension\Event), 'BEFORE')
  #5 /Users/jonathann/Sites/knowledge-base/inc/Extension/Event.php(133): dokuwiki\Extension\Event->advise_before(true)
  #6 /Users/jonathann/Sites/knowledge-base/inc/Extension/Event.php(200): dokuwiki\Extension\Event->trigger('tpl_content_cor...', true)
  #7 /Users/jonathann/Sites/knowledge-base/inc/template.php(102): dokuwiki\Extension\Event::createAndTrigger('TPL_ACT_RENDER', 'edit', 'tpl_content_cor...')
  #8 /Users/jonathann/Sites/knowledge-base/lib/tpl/dokuwiki/main.php(60): tpl_content()
  #9 /Users/jonathann/Sites/knowledge-base/inc/actions.php(30): include('/Users/jonathan...')
  #10 /Users/jonathann/Sites/knowledge-base/doku.php(131): act_dispatch()
  #11 {main}
2024-11-08 20:11:50	/Users/jonathann/Sites/knowledge-base/lib/plugins/ckgedit/helper.php(142)	E_WARNING: Trying to access array offset on null
  #0 /Users/jonathann/Sites/knowledge-base/lib/plugins/ckgedit/helper.php(142): dokuwiki\ErrorHandler::errorHandler(2, 'Trying to acces...', '/Users/jonathan...', 142)
  #1 /Users/jonathann/Sites/knowledge-base/lib/plugins/ckgedit/action/edit.php(656): helper_plugin_ckgedit->registerOnLoad('\n\t\t   ckgeditCK...')
  #2 /Users/jonathann/Sites/knowledge-base/lib/plugins/ckgedit/action/edit.php(180): action_plugin_ckgedit_edit->_print()
  #3 /Users/jonathann/Sites/knowledge-base/inc/Extension/EventHandler.php(80): action_plugin_ckgedit_edit->ckgedit_edit(Object(dokuwiki\Extension\Event), NULL)
  #4 /Users/jonathann/Sites/knowledge-base/inc/Extension/Event.php(75): dokuwiki\Extension\EventHandler->process_event(Object(dokuwiki\Extension\Event), 'BEFORE')
  #5 /Users/jonathann/Sites/knowledge-base/inc/Extension/Event.php(133): dokuwiki\Extension\Event->advise_before(true)
  #6 /Users/jonathann/Sites/knowledge-base/inc/Extension/Event.php(200): dokuwiki\Extension\Event->trigger('tpl_content_cor...', true)
  #7 /Users/jonathann/Sites/knowledge-base/inc/template.php(102): dokuwiki\Extension\Event::createAndTrigger('TPL_ACT_RENDER', 'edit', 'tpl_content_cor...')
  #8 /Users/jonathann/Sites/knowledge-base/lib/tpl/dokuwiki/main.php(60): tpl_content()
  #9 /Users/jonathann/Sites/knowledge-base/inc/actions.php(30): include('/Users/jonathan...')
  #10 /Users/jonathann/Sites/knowledge-base/doku.php(131): act_dispatch()
  #11 {main}
2024-11-08 20:11:50	/Users/jonathann/Sites/knowledge-base/lib/plugins/ckgedit/helper.php(143)	E_WARNING: Trying to access array offset on null
  #0 /Users/jonathann/Sites/knowledge-base/lib/plugins/ckgedit/helper.php(143): dokuwiki\ErrorHandler::errorHandler(2, 'Trying to acces...', '/Users/jonathan...', 143)
  #1 /Users/jonathann/Sites/knowledge-base/lib/plugins/ckgedit/action/edit.php(656): helper_plugin_ckgedit->registerOnLoad('\n\t\t   ckgeditCK...')
  #2 /Users/jonathann/Sites/knowledge-base/lib/plugins/ckgedit/action/edit.php(180): action_plugin_ckgedit_edit->_print()
  #3 /Users/jonathann/Sites/knowledge-base/inc/Extension/EventHandler.php(80): action_plugin_ckgedit_edit->ckgedit_edit(Object(dokuwiki\Extension\Event), NULL)
  #4 /Users/jonathann/Sites/knowledge-base/inc/Extension/Event.php(75): dokuwiki\Extension\EventHandler->process_event(Object(dokuwiki\Extension\Event), 'BEFORE')
  #5 /Users/jonathann/Sites/knowledge-base/inc/Extension/Event.php(133): dokuwiki\Extension\Event->advise_before(true)
  #6 /Users/jonathann/Sites/knowledge-base/inc/Extension/Event.php(200): dokuwiki\Extension\Event->trigger('tpl_content_cor...', true)
  #7 /Users/jonathann/Sites/knowledge-base/inc/template.php(102): dokuwiki\Extension\Event::createAndTrigger('TPL_ACT_RENDER', 'edit', 'tpl_content_cor...')
  #8 /Users/jonathann/Sites/knowledge-base/lib/tpl/dokuwiki/main.php(60): tpl_content()
  #9 /Users/jonathann/Sites/knowledge-base/inc/actions.php(30): include('/Users/jonathan...')
  #10 /Users/jonathann/Sites/knowledge-base/doku.php(131): act_dispatch()
  #11 {main}
2024-11-08 20:11:50	/Users/jonathann/Sites/knowledge-base/lib/plugins/ckgedit/helper.php(146)	E_WARNING: Trying to access array offset on null
  #0 /Users/jonathann/Sites/knowledge-base/lib/plugins/ckgedit/helper.php(146): dokuwiki\ErrorHandler::errorHandler(2, 'Trying to acces...', '/Users/jonathan...', 146)
  #1 /Users/jonathann/Sites/knowledge-base/lib/plugins/ckgedit/action/edit.php(656): helper_plugin_ckgedit->registerOnLoad('\n\t\t   ckgeditCK...')
  #2 /Users/jonathann/Sites/knowledge-base/lib/plugins/ckgedit/action/edit.php(180): action_plugin_ckgedit_edit->_print()
  #3 /Users/jonathann/Sites/knowledge-base/inc/Extension/EventHandler.php(80): action_plugin_ckgedit_edit->ckgedit_edit(Object(dokuwiki\Extension\Event), NULL)
  #4 /Users/jonathann/Sites/knowledge-base/inc/Extension/Event.php(75): dokuwiki\Extension\EventHandler->process_event(Object(dokuwiki\Extension\Event), 'BEFORE')
  #5 /Users/jonathann/Sites/knowledge-base/inc/Extension/Event.php(133): dokuwiki\Extension\Event->advise_before(true)
  #6 /Users/jonathann/Sites/knowledge-base/inc/Extension/Event.php(200): dokuwiki\Extension\Event->trigger('tpl_content_cor...', true)
  #7 /Users/jonathann/Sites/knowledge-base/inc/template.php(102): dokuwiki\Extension\Event::createAndTrigger('TPL_ACT_RENDER', 'edit', 'tpl_content_cor...')
  #8 /Users/jonathann/Sites/knowledge-base/lib/tpl/dokuwiki/main.php(60): tpl_content()
  #9 /Users/jonathann/Sites/knowledge-base/inc/actions.php(30): include('/Users/jonathan...')
  #10 /Users/jonathann/Sites/knowledge-base/doku.php(131): act_dispatch()
  #11 {main}
2024-11-08 20:12:41	/Users/jonathann/Sites/knowledge-base/lib/plugins/ckgedit/helper.php(142)	E_WARNING: Trying to access array offset on null
  #0 /Users/jonathann/Sites/knowledge-base/lib/plugins/ckgedit/helper.php(142): dokuwiki\ErrorHandler::errorHandler(2, 'Trying to acces...', '/Users/jonathan...', 142)
  #1 /Users/jonathann/Sites/knowledge-base/lib/plugins/ckgedit/action/edit.php(656): helper_plugin_ckgedit->registerOnLoad('\n\t\t   ckgeditCK...')
  #2 /Users/jonathann/Sites/knowledge-base/lib/plugins/ckgedit/action/edit.php(180): action_plugin_ckgedit_edit->_print()
  #3 /Users/jonathann/Sites/knowledge-base/inc/Extension/EventHandler.php(80): action_plugin_ckgedit_edit->ckgedit_edit(Object(dokuwiki\Extension\Event), NULL)
  #4 /Users/jonathann/Sites/knowledge-base/inc/Extension/Event.php(75): dokuwiki\Extension\EventHandler->process_event(Object(dokuwiki\Extension\Event), 'BEFORE')
  #5 /Users/jonathann/Sites/knowledge-base/inc/Extension/Event.php(133): dokuwiki\Extension\Event->advise_before(true)
  #6 /Users/jonathann/Sites/knowledge-base/inc/Extension/Event.php(200): dokuwiki\Extension\Event->trigger('tpl_content_cor...', true)
  #7 /Users/jonathann/Sites/knowledge-base/inc/template.php(102): dokuwiki\Extension\Event::createAndTrigger('TPL_ACT_RENDER', 'edit', 'tpl_content_cor...')
  #8 /Users/jonathann/Sites/knowledge-base/lib/tpl/dokuwiki/main.php(60): tpl_content()
  #9 /Users/jonathann/Sites/knowledge-base/inc/actions.php(30): include('/Users/jonathan...')
  #10 /Users/jonathann/Sites/knowledge-base/doku.php(131): act_dispatch()
  #11 {main}
2024-11-08 20:12:41	/Users/jonathann/Sites/knowledge-base/lib/plugins/ckgedit/helper.php(143)	E_WARNING: Trying to access array offset on null
  #0 /Users/jonathann/Sites/knowledge-base/lib/plugins/ckgedit/helper.php(143): dokuwiki\ErrorHandler::errorHandler(2, 'Trying to acces...', '/Users/jonathan...', 143)
  #1 /Users/jonathann/Sites/knowledge-base/lib/plugins/ckgedit/action/edit.php(656): helper_plugin_ckgedit->registerOnLoad('\n\t\t   ckgeditCK...')
  #2 /Users/jonathann/Sites/knowledge-base/lib/plugins/ckgedit/action/edit.php(180): action_plugin_ckgedit_edit->_print()
  #3 /Users/jonathann/Sites/knowledge-base/inc/Extension/EventHandler.php(80): action_plugin_ckgedit_edit->ckgedit_edit(Object(dokuwiki\Extension\Event), NULL)
  #4 /Users/jonathann/Sites/knowledge-base/inc/Extension/Event.php(75): dokuwiki\Extension\EventHandler->process_event(Object(dokuwiki\Extension\Event), 'BEFORE')
  #5 /Users/jonathann/Sites/knowledge-base/inc/Extension/Event.php(133): dokuwiki\Extension\Event->advise_before(true)
  #6 /Users/jonathann/Sites/knowledge-base/inc/Extension/Event.php(200): dokuwiki\Extension\Event->trigger('tpl_content_cor...', true)
  #7 /Users/jonathann/Sites/knowledge-base/inc/template.php(102): dokuwiki\Extension\Event::createAndTrigger('TPL_ACT_RENDER', 'edit', 'tpl_content_cor...')
  #8 /Users/jonathann/Sites/knowledge-base/lib/tpl/dokuwiki/main.php(60): tpl_content()
  #9 /Users/jonathann/Sites/knowledge-base/inc/actions.php(30): include('/Users/jonathan...')
  #10 /Users/jonathann/Sites/knowledge-base/doku.php(131): act_dispatch()
  #11 {main}
2024-11-08 20:12:41	/Users/jonathann/Sites/knowledge-base/lib/plugins/ckgedit/helper.php(146)	E_WARNING: Trying to access array offset on null
  #0 /Users/jonathann/Sites/knowledge-base/lib/plugins/ckgedit/helper.php(146): dokuwiki\ErrorHandler::errorHandler(2, 'Trying to acces...', '/Users/jonathan...', 146)
  #1 /Users/jonathann/Sites/knowledge-base/lib/plugins/ckgedit/action/edit.php(656): helper_plugin_ckgedit->registerOnLoad('\n\t\t   ckgeditCK...')
  #2 /Users/jonathann/Sites/knowledge-base/lib/plugins/ckgedit/action/edit.php(180): action_plugin_ckgedit_edit->_print()
  #3 /Users/jonathann/Sites/knowledge-base/inc/Extension/EventHandler.php(80): action_plugin_ckgedit_edit->ckgedit_edit(Object(dokuwiki\Extension\Event), NULL)
  #4 /Users/jonathann/Sites/knowledge-base/inc/Extension/Event.php(75): dokuwiki\Extension\EventHandler->process_event(Object(dokuwiki\Extension\Event), 'BEFORE')
  #5 /Users/jonathann/Sites/knowledge-base/inc/Extension/Event.php(133): dokuwiki\Extension\Event->advise_before(true)
  #6 /Users/jonathann/Sites/knowledge-base/inc/Extension/Event.php(200): dokuwiki\Extension\Event->trigger('tpl_content_cor...', true)
  #7 /Users/jonathann/Sites/knowledge-base/inc/template.php(102): dokuwiki\Extension\Event::createAndTrigger('TPL_ACT_RENDER', 'edit', 'tpl_content_cor...')
  #8 /Users/jonathann/Sites/knowledge-base/lib/tpl/dokuwiki/main.php(60): tpl_content()
  #9 /Users/jonathann/Sites/knowledge-base/inc/actions.php(30): include('/Users/jonathan...')
  #10 /Users/jonathann/Sites/knowledge-base/doku.php(131): act_dispatch()
  #11 {main}
2024-11-08 20:13:08	/Users/jonathann/Sites/knowledge-base/lib/plugins/ckgedit/helper.php(142)	E_WARNING: Trying to access array offset on null
  #0 /Users/jonathann/Sites/knowledge-base/lib/plugins/ckgedit/helper.php(142): dokuwiki\ErrorHandler::errorHandler(2, 'Trying to acces...', '/Users/jonathan...', 142)
  #1 /Users/jonathann/Sites/knowledge-base/lib/plugins/ckgedit/action/edit.php(656): helper_plugin_ckgedit->registerOnLoad('\n\t\t   ckgeditCK...')
  #2 /Users/jonathann/Sites/knowledge-base/lib/plugins/ckgedit/action/edit.php(180): action_plugin_ckgedit_edit->_print()
  #3 /Users/jonathann/Sites/knowledge-base/inc/Extension/EventHandler.php(80): action_plugin_ckgedit_edit->ckgedit_edit(Object(dokuwiki\Extension\Event), NULL)
  #4 /Users/jonathann/Sites/knowledge-base/inc/Extension/Event.php(75): dokuwiki\Extension\EventHandler->process_event(Object(dokuwiki\Extension\Event), 'BEFORE')
  #5 /Users/jonathann/Sites/knowledge-base/inc/Extension/Event.php(133): dokuwiki\Extension\Event->advise_before(true)
  #6 /Users/jonathann/Sites/knowledge-base/inc/Extension/Event.php(200): dokuwiki\Extension\Event->trigger('tpl_content_cor...', true)
  #7 /Users/jonathann/Sites/knowledge-base/inc/template.php(102): dokuwiki\Extension\Event::createAndTrigger('TPL_ACT_RENDER', 'edit', 'tpl_content_cor...')
  #8 /Users/jonathann/Sites/knowledge-base/lib/tpl/dokuwiki/main.php(60): tpl_content()
  #9 /Users/jonathann/Sites/knowledge-base/inc/actions.php(30): include('/Users/jonathan...')
  #10 /Users/jonathann/Sites/knowledge-base/doku.php(131): act_dispatch()
  #11 {main}
2024-11-08 20:13:08	/Users/jonathann/Sites/knowledge-base/lib/plugins/ckgedit/helper.php(143)	E_WARNING: Trying to access array offset on null
  #0 /Users/jonathann/Sites/knowledge-base/lib/plugins/ckgedit/helper.php(143): dokuwiki\ErrorHandler::errorHandler(2, 'Trying to acces...', '/Users/jonathan...', 143)
  #1 /Users/jonathann/Sites/knowledge-base/lib/plugins/ckgedit/action/edit.php(656): helper_plugin_ckgedit->registerOnLoad('\n\t\t   ckgeditCK...')
  #2 /Users/jonathann/Sites/knowledge-base/lib/plugins/ckgedit/action/edit.php(180): action_plugin_ckgedit_edit->_print()
  #3 /Users/jonathann/Sites/knowledge-base/inc/Extension/EventHandler.php(80): action_plugin_ckgedit_edit->ckgedit_edit(Object(dokuwiki\Extension\Event), NULL)
  #4 /Users/jonathann/Sites/knowledge-base/inc/Extension/Event.php(75): dokuwiki\Extension\EventHandler->process_event(Object(dokuwiki\Extension\Event), 'BEFORE')
  #5 /Users/jonathann/Sites/knowledge-base/inc/Extension/Event.php(133): dokuwiki\Extension\Event->advise_before(true)
  #6 /Users/jonathann/Sites/knowledge-base/inc/Extension/Event.php(200): dokuwiki\Extension\Event->trigger('tpl_content_cor...', true)
  #7 /Users/jonathann/Sites/knowledge-base/inc/template.php(102): dokuwiki\Extension\Event::createAndTrigger('TPL_ACT_RENDER', 'edit', 'tpl_content_cor...')
  #8 /Users/jonathann/Sites/knowledge-base/lib/tpl/dokuwiki/main.php(60): tpl_content()
  #9 /Users/jonathann/Sites/knowledge-base/inc/actions.php(30): include('/Users/jonathan...')
  #10 /Users/jonathann/Sites/knowledge-base/doku.php(131): act_dispatch()
  #11 {main}
2024-11-08 20:13:08	/Users/jonathann/Sites/knowledge-base/lib/plugins/ckgedit/helper.php(146)	E_WARNING: Trying to access array offset on null
  #0 /Users/jonathann/Sites/knowledge-base/lib/plugins/ckgedit/helper.php(146): dokuwiki\ErrorHandler::errorHandler(2, 'Trying to acces...', '/Users/jonathan...', 146)
  #1 /Users/jonathann/Sites/knowledge-base/lib/plugins/ckgedit/action/edit.php(656): helper_plugin_ckgedit->registerOnLoad('\n\t\t   ckgeditCK...')
  #2 /Users/jonathann/Sites/knowledge-base/lib/plugins/ckgedit/action/edit.php(180): action_plugin_ckgedit_edit->_print()
  #3 /Users/jonathann/Sites/knowledge-base/inc/Extension/EventHandler.php(80): action_plugin_ckgedit_edit->ckgedit_edit(Object(dokuwiki\Extension\Event), NULL)
  #4 /Users/jonathann/Sites/knowledge-base/inc/Extension/Event.php(75): dokuwiki\Extension\EventHandler->process_event(Object(dokuwiki\Extension\Event), 'BEFORE')
  #5 /Users/jonathann/Sites/knowledge-base/inc/Extension/Event.php(133): dokuwiki\Extension\Event->advise_before(true)
  #6 /Users/jonathann/Sites/knowledge-base/inc/Extension/Event.php(200): dokuwiki\Extension\Event->trigger('tpl_content_cor...', true)
  #7 /Users/jonathann/Sites/knowledge-base/inc/template.php(102): dokuwiki\Extension\Event::createAndTrigger('TPL_ACT_RENDER', 'edit', 'tpl_content_cor...')
  #8 /Users/jonathann/Sites/knowledge-base/lib/tpl/dokuwiki/main.php(60): tpl_content()
  #9 /Users/jonathann/Sites/knowledge-base/inc/actions.php(30): include('/Users/jonathan...')
  #10 /Users/jonathann/Sites/knowledge-base/doku.php(131): act_dispatch()
  #11 {main}
2024-11-08 20:14:06	/Users/jonathann/Sites/knowledge-base/lib/plugins/ckgedit/helper.php(142)	E_WARNING: Trying to access array offset on null
  #0 /Users/jonathann/Sites/knowledge-base/lib/plugins/ckgedit/helper.php(142): dokuwiki\ErrorHandler::errorHandler(2, 'Trying to acces...', '/Users/jonathan...', 142)
  #1 /Users/jonathann/Sites/knowledge-base/lib/plugins/ckgedit/action/edit.php(656): helper_plugin_ckgedit->registerOnLoad('\n\t\t   ckgeditCK...')
  #2 /Users/jonathann/Sites/knowledge-base/lib/plugins/ckgedit/action/edit.php(180): action_plugin_ckgedit_edit->_print()
  #3 /Users/jonathann/Sites/knowledge-base/inc/Extension/EventHandler.php(80): action_plugin_ckgedit_edit->ckgedit_edit(Object(dokuwiki\Extension\Event), NULL)
  #4 /Users/jonathann/Sites/knowledge-base/inc/Extension/Event.php(75): dokuwiki\Extension\EventHandler->process_event(Object(dokuwiki\Extension\Event), 'BEFORE')
  #5 /Users/jonathann/Sites/knowledge-base/inc/Extension/Event.php(133): dokuwiki\Extension\Event->advise_before(true)
  #6 /Users/jonathann/Sites/knowledge-base/inc/Extension/Event.php(200): dokuwiki\Extension\Event->trigger('tpl_content_cor...', true)
  #7 /Users/jonathann/Sites/knowledge-base/inc/template.php(102): dokuwiki\Extension\Event::createAndTrigger('TPL_ACT_RENDER', 'edit', 'tpl_content_cor...')
  #8 /Users/jonathann/Sites/knowledge-base/lib/tpl/dokuwiki/main.php(60): tpl_content()
  #9 /Users/jonathann/Sites/knowledge-base/inc/actions.php(30): include('/Users/jonathan...')
  #10 /Users/jonathann/Sites/knowledge-base/doku.php(131): act_dispatch()
  #11 {main}
2024-11-08 20:14:06	/Users/jonathann/Sites/knowledge-base/lib/plugins/ckgedit/helper.php(143)	E_WARNING: Trying to access array offset on null
  #0 /Users/jonathann/Sites/knowledge-base/lib/plugins/ckgedit/helper.php(143): dokuwiki\ErrorHandler::errorHandler(2, 'Trying to acces...', '/Users/jonathan...', 143)
  #1 /Users/jonathann/Sites/knowledge-base/lib/plugins/ckgedit/action/edit.php(656): helper_plugin_ckgedit->registerOnLoad('\n\t\t   ckgeditCK...')
  #2 /Users/jonathann/Sites/knowledge-base/lib/plugins/ckgedit/action/edit.php(180): action_plugin_ckgedit_edit->_print()
  #3 /Users/jonathann/Sites/knowledge-base/inc/Extension/EventHandler.php(80): action_plugin_ckgedit_edit->ckgedit_edit(Object(dokuwiki\Extension\Event), NULL)
  #4 /Users/jonathann/Sites/knowledge-base/inc/Extension/Event.php(75): dokuwiki\Extension\EventHandler->process_event(Object(dokuwiki\Extension\Event), 'BEFORE')
  #5 /Users/jonathann/Sites/knowledge-base/inc/Extension/Event.php(133): dokuwiki\Extension\Event->advise_before(true)
  #6 /Users/jonathann/Sites/knowledge-base/inc/Extension/Event.php(200): dokuwiki\Extension\Event->trigger('tpl_content_cor...', true)
  #7 /Users/jonathann/Sites/knowledge-base/inc/template.php(102): dokuwiki\Extension\Event::createAndTrigger('TPL_ACT_RENDER', 'edit', 'tpl_content_cor...')
  #8 /Users/jonathann/Sites/knowledge-base/lib/tpl/dokuwiki/main.php(60): tpl_content()
  #9 /Users/jonathann/Sites/knowledge-base/inc/actions.php(30): include('/Users/jonathan...')
  #10 /Users/jonathann/Sites/knowledge-base/doku.php(131): act_dispatch()
  #11 {main}
2024-11-08 20:14:06	/Users/jonathann/Sites/knowledge-base/lib/plugins/ckgedit/helper.php(146)	E_WARNING: Trying to access array offset on null
  #0 /Users/jonathann/Sites/knowledge-base/lib/plugins/ckgedit/helper.php(146): dokuwiki\ErrorHandler::errorHandler(2, 'Trying to acces...', '/Users/jonathan...', 146)
  #1 /Users/jonathann/Sites/knowledge-base/lib/plugins/ckgedit/action/edit.php(656): helper_plugin_ckgedit->registerOnLoad('\n\t\t   ckgeditCK...')
  #2 /Users/jonathann/Sites/knowledge-base/lib/plugins/ckgedit/action/edit.php(180): action_plugin_ckgedit_edit->_print()
  #3 /Users/jonathann/Sites/knowledge-base/inc/Extension/EventHandler.php(80): action_plugin_ckgedit_edit->ckgedit_edit(Object(dokuwiki\Extension\Event), NULL)
  #4 /Users/jonathann/Sites/knowledge-base/inc/Extension/Event.php(75): dokuwiki\Extension\EventHandler->process_event(Object(dokuwiki\Extension\Event), 'BEFORE')
  #5 /Users/jonathann/Sites/knowledge-base/inc/Extension/Event.php(133): dokuwiki\Extension\Event->advise_before(true)
  #6 /Users/jonathann/Sites/knowledge-base/inc/Extension/Event.php(200): dokuwiki\Extension\Event->trigger('tpl_content_cor...', true)
  #7 /Users/jonathann/Sites/knowledge-base/inc/template.php(102): dokuwiki\Extension\Event::createAndTrigger('TPL_ACT_RENDER', 'edit', 'tpl_content_cor...')
  #8 /Users/jonathann/Sites/knowledge-base/lib/tpl/dokuwiki/main.php(60): tpl_content()
  #9 /Users/jonathann/Sites/knowledge-base/inc/actions.php(30): include('/Users/jonathan...')
  #10 /Users/jonathann/Sites/knowledge-base/doku.php(131): act_dispatch()
  #11 {main}
2024-11-08 20:15:49	/Users/jonathann/Sites/knowledge-base/lib/plugins/ckgedit/helper.php(142)	E_WARNING: Trying to access array offset on null
  #0 /Users/jonathann/Sites/knowledge-base/lib/plugins/ckgedit/helper.php(142): dokuwiki\ErrorHandler::errorHandler(2, 'Trying to acces...', '/Users/jonathan...', 142)
  #1 /Users/jonathann/Sites/knowledge-base/lib/plugins/ckgedit/action/edit.php(656): helper_plugin_ckgedit->registerOnLoad('\n\t\t   ckgeditCK...')
  #2 /Users/jonathann/Sites/knowledge-base/lib/plugins/ckgedit/action/edit.php(180): action_plugin_ckgedit_edit->_print()
  #3 /Users/jonathann/Sites/knowledge-base/inc/Extension/EventHandler.php(80): action_plugin_ckgedit_edit->ckgedit_edit(Object(dokuwiki\Extension\Event), NULL)
  #4 /Users/jonathann/Sites/knowledge-base/inc/Extension/Event.php(75): dokuwiki\Extension\EventHandler->process_event(Object(dokuwiki\Extension\Event), 'BEFORE')
  #5 /Users/jonathann/Sites/knowledge-base/inc/Extension/Event.php(133): dokuwiki\Extension\Event->advise_before(true)
  #6 /Users/jonathann/Sites/knowledge-base/inc/Extension/Event.php(200): dokuwiki\Extension\Event->trigger('tpl_content_cor...', true)
  #7 /Users/jonathann/Sites/knowledge-base/inc/template.php(102): dokuwiki\Extension\Event::createAndTrigger('TPL_ACT_RENDER', 'edit', 'tpl_content_cor...')
  #8 /Users/jonathann/Sites/knowledge-base/lib/tpl/dokuwiki/main.php(60): tpl_content()
  #9 /Users/jonathann/Sites/knowledge-base/inc/actions.php(30): include('/Users/jonathan...')
  #10 /Users/jonathann/Sites/knowledge-base/doku.php(131): act_dispatch()
  #11 {main}
2024-11-08 20:15:49	/Users/jonathann/Sites/knowledge-base/lib/plugins/ckgedit/helper.php(143)	E_WARNING: Trying to access array offset on null
  #0 /Users/jonathann/Sites/knowledge-base/lib/plugins/ckgedit/helper.php(143): dokuwiki\ErrorHandler::errorHandler(2, 'Trying to acces...', '/Users/jonathan...', 143)
  #1 /Users/jonathann/Sites/knowledge-base/lib/plugins/ckgedit/action/edit.php(656): helper_plugin_ckgedit->registerOnLoad('\n\t\t   ckgeditCK...')
  #2 /Users/jonathann/Sites/knowledge-base/lib/plugins/ckgedit/action/edit.php(180): action_plugin_ckgedit_edit->_print()
  #3 /Users/jonathann/Sites/knowledge-base/inc/Extension/EventHandler.php(80): action_plugin_ckgedit_edit->ckgedit_edit(Object(dokuwiki\Extension\Event), NULL)
  #4 /Users/jonathann/Sites/knowledge-base/inc/Extension/Event.php(75): dokuwiki\Extension\EventHandler->process_event(Object(dokuwiki\Extension\Event), 'BEFORE')
  #5 /Users/jonathann/Sites/knowledge-base/inc/Extension/Event.php(133): dokuwiki\Extension\Event->advise_before(true)
  #6 /Users/jonathann/Sites/knowledge-base/inc/Extension/Event.php(200): dokuwiki\Extension\Event->trigger('tpl_content_cor...', true)
  #7 /Users/jonathann/Sites/knowledge-base/inc/template.php(102): dokuwiki\Extension\Event::createAndTrigger('TPL_ACT_RENDER', 'edit', 'tpl_content_cor...')
  #8 /Users/jonathann/Sites/knowledge-base/lib/tpl/dokuwiki/main.php(60): tpl_content()
  #9 /Users/jonathann/Sites/knowledge-base/inc/actions.php(30): include('/Users/jonathan...')
  #10 /Users/jonathann/Sites/knowledge-base/doku.php(131): act_dispatch()
  #11 {main}
2024-11-08 20:15:49	/Users/jonathann/Sites/knowledge-base/lib/plugins/ckgedit/helper.php(146)	E_WARNING: Trying to access array offset on null
  #0 /Users/jonathann/Sites/knowledge-base/lib/plugins/ckgedit/helper.php(146): dokuwiki\ErrorHandler::errorHandler(2, 'Trying to acces...', '/Users/jonathan...', 146)
  #1 /Users/jonathann/Sites/knowledge-base/lib/plugins/ckgedit/action/edit.php(656): helper_plugin_ckgedit->registerOnLoad('\n\t\t   ckgeditCK...')
  #2 /Users/jonathann/Sites/knowledge-base/lib/plugins/ckgedit/action/edit.php(180): action_plugin_ckgedit_edit->_print()
  #3 /Users/jonathann/Sites/knowledge-base/inc/Extension/EventHandler.php(80): action_plugin_ckgedit_edit->ckgedit_edit(Object(dokuwiki\Extension\Event), NULL)
  #4 /Users/jonathann/Sites/knowledge-base/inc/Extension/Event.php(75): dokuwiki\Extension\EventHandler->process_event(Object(dokuwiki\Extension\Event), 'BEFORE')
  #5 /Users/jonathann/Sites/knowledge-base/inc/Extension/Event.php(133): dokuwiki\Extension\Event->advise_before(true)
  #6 /Users/jonathann/Sites/knowledge-base/inc/Extension/Event.php(200): dokuwiki\Extension\Event->trigger('tpl_content_cor...', true)
  #7 /Users/jonathann/Sites/knowledge-base/inc/template.php(102): dokuwiki\Extension\Event::createAndTrigger('TPL_ACT_RENDER', 'edit', 'tpl_content_cor...')
  #8 /Users/jonathann/Sites/knowledge-base/lib/tpl/dokuwiki/main.php(60): tpl_content()
  #9 /Users/jonathann/Sites/knowledge-base/inc/actions.php(30): include('/Users/jonathan...')
  #10 /Users/jonathann/Sites/knowledge-base/doku.php(131): act_dispatch()
  #11 {main}
2024-11-08 20:17:43	/Users/jonathann/Sites/knowledge-base/lib/plugins/ckgedit/helper.php(142)	E_WARNING: Trying to access array offset on null
  #0 /Users/jonathann/Sites/knowledge-base/lib/plugins/ckgedit/helper.php(142): dokuwiki\ErrorHandler::errorHandler(2, 'Trying to acces...', '/Users/jonathan...', 142)
  #1 /Users/jonathann/Sites/knowledge-base/lib/plugins/ckgedit/action/edit.php(656): helper_plugin_ckgedit->registerOnLoad('\n\t\t   ckgeditCK...')
  #2 /Users/jonathann/Sites/knowledge-base/lib/plugins/ckgedit/action/edit.php(180): action_plugin_ckgedit_edit->_print()
  #3 /Users/jonathann/Sites/knowledge-base/inc/Extension/EventHandler.php(80): action_plugin_ckgedit_edit->ckgedit_edit(Object(dokuwiki\Extension\Event), NULL)
  #4 /Users/jonathann/Sites/knowledge-base/inc/Extension/Event.php(75): dokuwiki\Extension\EventHandler->process_event(Object(dokuwiki\Extension\Event), 'BEFORE')
  #5 /Users/jonathann/Sites/knowledge-base/inc/Extension/Event.php(133): dokuwiki\Extension\Event->advise_before(true)
  #6 /Users/jonathann/Sites/knowledge-base/inc/Extension/Event.php(200): dokuwiki\Extension\Event->trigger('tpl_content_cor...', true)
  #7 /Users/jonathann/Sites/knowledge-base/inc/template.php(102): dokuwiki\Extension\Event::createAndTrigger('TPL_ACT_RENDER', 'edit', 'tpl_content_cor...')
  #8 /Users/jonathann/Sites/knowledge-base/lib/tpl/dokuwiki/main.php(60): tpl_content()
  #9 /Users/jonathann/Sites/knowledge-base/inc/actions.php(30): include('/Users/jonathan...')
  #10 /Users/jonathann/Sites/knowledge-base/doku.php(131): act_dispatch()
  #11 {main}
2024-11-08 20:17:43	/Users/jonathann/Sites/knowledge-base/lib/plugins/ckgedit/helper.php(143)	E_WARNING: Trying to access array offset on null
  #0 /Users/jonathann/Sites/knowledge-base/lib/plugins/ckgedit/helper.php(143): dokuwiki\ErrorHandler::errorHandler(2, 'Trying to acces...', '/Users/jonathan...', 143)
  #1 /Users/jonathann/Sites/knowledge-base/lib/plugins/ckgedit/action/edit.php(656): helper_plugin_ckgedit->registerOnLoad('\n\t\t   ckgeditCK...')
  #2 /Users/jonathann/Sites/knowledge-base/lib/plugins/ckgedit/action/edit.php(180): action_plugin_ckgedit_edit->_print()
  #3 /Users/jonathann/Sites/knowledge-base/inc/Extension/EventHandler.php(80): action_plugin_ckgedit_edit->ckgedit_edit(Object(dokuwiki\Extension\Event), NULL)
  #4 /Users/jonathann/Sites/knowledge-base/inc/Extension/Event.php(75): dokuwiki\Extension\EventHandler->process_event(Object(dokuwiki\Extension\Event), 'BEFORE')
  #5 /Users/jonathann/Sites/knowledge-base/inc/Extension/Event.php(133): dokuwiki\Extension\Event->advise_before(true)
  #6 /Users/jonathann/Sites/knowledge-base/inc/Extension/Event.php(200): dokuwiki\Extension\Event->trigger('tpl_content_cor...', true)
  #7 /Users/jonathann/Sites/knowledge-base/inc/template.php(102): dokuwiki\Extension\Event::createAndTrigger('TPL_ACT_RENDER', 'edit', 'tpl_content_cor...')
  #8 /Users/jonathann/Sites/knowledge-base/lib/tpl/dokuwiki/main.php(60): tpl_content()
  #9 /Users/jonathann/Sites/knowledge-base/inc/actions.php(30): include('/Users/jonathan...')
  #10 /Users/jonathann/Sites/knowledge-base/doku.php(131): act_dispatch()
  #11 {main}
2024-11-08 20:17:43	/Users/jonathann/Sites/knowledge-base/lib/plugins/ckgedit/helper.php(146)	E_WARNING: Trying to access array offset on null
  #0 /Users/jonathann/Sites/knowledge-base/lib/plugins/ckgedit/helper.php(146): dokuwiki\ErrorHandler::errorHandler(2, 'Trying to acces...', '/Users/jonathan...', 146)
  #1 /Users/jonathann/Sites/knowledge-base/lib/plugins/ckgedit/action/edit.php(656): helper_plugin_ckgedit->registerOnLoad('\n\t\t   ckgeditCK...')
  #2 /Users/jonathann/Sites/knowledge-base/lib/plugins/ckgedit/action/edit.php(180): action_plugin_ckgedit_edit->_print()
  #3 /Users/jonathann/Sites/knowledge-base/inc/Extension/EventHandler.php(80): action_plugin_ckgedit_edit->ckgedit_edit(Object(dokuwiki\Extension\Event), NULL)
  #4 /Users/jonathann/Sites/knowledge-base/inc/Extension/Event.php(75): dokuwiki\Extension\EventHandler->process_event(Object(dokuwiki\Extension\Event), 'BEFORE')
  #5 /Users/jonathann/Sites/knowledge-base/inc/Extension/Event.php(133): dokuwiki\Extension\Event->advise_before(true)
  #6 /Users/jonathann/Sites/knowledge-base/inc/Extension/Event.php(200): dokuwiki\Extension\Event->trigger('tpl_content_cor...', true)
  #7 /Users/jonathann/Sites/knowledge-base/inc/template.php(102): dokuwiki\Extension\Event::createAndTrigger('TPL_ACT_RENDER', 'edit', 'tpl_content_cor...')
  #8 /Users/jonathann/Sites/knowledge-base/lib/tpl/dokuwiki/main.php(60): tpl_content()
  #9 /Users/jonathann/Sites/knowledge-base/inc/actions.php(30): include('/Users/jonathan...')
  #10 /Users/jonathann/Sites/knowledge-base/doku.php(131): act_dispatch()
  #11 {main}
2024-11-08 20:18:01	/Users/jonathann/Sites/knowledge-base/lib/plugins/ckgedit/helper.php(142)	E_WARNING: Trying to access array offset on null
  #0 /Users/jonathann/Sites/knowledge-base/lib/plugins/ckgedit/helper.php(142): dokuwiki\ErrorHandler::errorHandler(2, 'Trying to acces...', '/Users/jonathan...', 142)
  #1 /Users/jonathann/Sites/knowledge-base/lib/plugins/ckgedit/action/edit.php(656): helper_plugin_ckgedit->registerOnLoad('\n\t\t   ckgeditCK...')
  #2 /Users/jonathann/Sites/knowledge-base/lib/plugins/ckgedit/action/edit.php(180): action_plugin_ckgedit_edit->_print()
  #3 /Users/jonathann/Sites/knowledge-base/inc/Extension/EventHandler.php(80): action_plugin_ckgedit_edit->ckgedit_edit(Object(dokuwiki\Extension\Event), NULL)
  #4 /Users/jonathann/Sites/knowledge-base/inc/Extension/Event.php(75): dokuwiki\Extension\EventHandler->process_event(Object(dokuwiki\Extension\Event), 'BEFORE')
  #5 /Users/jonathann/Sites/knowledge-base/inc/Extension/Event.php(133): dokuwiki\Extension\Event->advise_before(true)
  #6 /Users/jonathann/Sites/knowledge-base/inc/Extension/Event.php(200): dokuwiki\Extension\Event->trigger('tpl_content_cor...', true)
  #7 /Users/jonathann/Sites/knowledge-base/inc/template.php(102): dokuwiki\Extension\Event::createAndTrigger('TPL_ACT_RENDER', 'edit', 'tpl_content_cor...')
  #8 /Users/jonathann/Sites/knowledge-base/lib/tpl/dokuwiki/main.php(60): tpl_content()
  #9 /Users/jonathann/Sites/knowledge-base/inc/actions.php(30): include('/Users/jonathan...')
  #10 /Users/jonathann/Sites/knowledge-base/doku.php(131): act_dispatch()
  #11 {main}
2024-11-08 20:18:01	/Users/jonathann/Sites/knowledge-base/lib/plugins/ckgedit/helper.php(143)	E_WARNING: Trying to access array offset on null
  #0 /Users/jonathann/Sites/knowledge-base/lib/plugins/ckgedit/helper.php(143): dokuwiki\ErrorHandler::errorHandler(2, 'Trying to acces...', '/Users/jonathan...', 143)
  #1 /Users/jonathann/Sites/knowledge-base/lib/plugins/ckgedit/action/edit.php(656): helper_plugin_ckgedit->registerOnLoad('\n\t\t   ckgeditCK...')
  #2 /Users/jonathann/Sites/knowledge-base/lib/plugins/ckgedit/action/edit.php(180): action_plugin_ckgedit_edit->_print()
  #3 /Users/jonathann/Sites/knowledge-base/inc/Extension/EventHandler.php(80): action_plugin_ckgedit_edit->ckgedit_edit(Object(dokuwiki\Extension\Event), NULL)
  #4 /Users/jonathann/Sites/knowledge-base/inc/Extension/Event.php(75): dokuwiki\Extension\EventHandler->process_event(Object(dokuwiki\Extension\Event), 'BEFORE')
  #5 /Users/jonathann/Sites/knowledge-base/inc/Extension/Event.php(133): dokuwiki\Extension\Event->advise_before(true)
  #6 /Users/jonathann/Sites/knowledge-base/inc/Extension/Event.php(200): dokuwiki\Extension\Event->trigger('tpl_content_cor...', true)
  #7 /Users/jonathann/Sites/knowledge-base/inc/template.php(102): dokuwiki\Extension\Event::createAndTrigger('TPL_ACT_RENDER', 'edit', 'tpl_content_cor...')
  #8 /Users/jonathann/Sites/knowledge-base/lib/tpl/dokuwiki/main.php(60): tpl_content()
  #9 /Users/jonathann/Sites/knowledge-base/inc/actions.php(30): include('/Users/jonathan...')
  #10 /Users/jonathann/Sites/knowledge-base/doku.php(131): act_dispatch()
  #11 {main}
2024-11-08 20:18:01	/Users/jonathann/Sites/knowledge-base/lib/plugins/ckgedit/helper.php(146)	E_WARNING: Trying to access array offset on null
  #0 /Users/jonathann/Sites/knowledge-base/lib/plugins/ckgedit/helper.php(146): dokuwiki\ErrorHandler::errorHandler(2, 'Trying to acces...', '/Users/jonathan...', 146)
  #1 /Users/jonathann/Sites/knowledge-base/lib/plugins/ckgedit/action/edit.php(656): helper_plugin_ckgedit->registerOnLoad('\n\t\t   ckgeditCK...')
  #2 /Users/jonathann/Sites/knowledge-base/lib/plugins/ckgedit/action/edit.php(180): action_plugin_ckgedit_edit->_print()
  #3 /Users/jonathann/Sites/knowledge-base/inc/Extension/EventHandler.php(80): action_plugin_ckgedit_edit->ckgedit_edit(Object(dokuwiki\Extension\Event), NULL)
  #4 /Users/jonathann/Sites/knowledge-base/inc/Extension/Event.php(75): dokuwiki\Extension\EventHandler->process_event(Object(dokuwiki\Extension\Event), 'BEFORE')
  #5 /Users/jonathann/Sites/knowledge-base/inc/Extension/Event.php(133): dokuwiki\Extension\Event->advise_before(true)
  #6 /Users/jonathann/Sites/knowledge-base/inc/Extension/Event.php(200): dokuwiki\Extension\Event->trigger('tpl_content_cor...', true)
  #7 /Users/jonathann/Sites/knowledge-base/inc/template.php(102): dokuwiki\Extension\Event::createAndTrigger('TPL_ACT_RENDER', 'edit', 'tpl_content_cor...')
  #8 /Users/jonathann/Sites/knowledge-base/lib/tpl/dokuwiki/main.php(60): tpl_content()
  #9 /Users/jonathann/Sites/knowledge-base/inc/actions.php(30): include('/Users/jonathan...')
  #10 /Users/jonathann/Sites/knowledge-base/doku.php(131): act_dispatch()
  #11 {main}
2024-11-08 20:18:15	/Users/jonathann/Sites/knowledge-base/lib/plugins/ckgedit/action/mediamanager.php(44)	E_WARNING: Undefined array key "onselect"
  #0 /Users/jonathann/Sites/knowledge-base/lib/plugins/ckgedit/action/mediamanager.php(44): dokuwiki\ErrorHandler::errorHandler(2, 'Undefined array...', '/Users/jonathan...', 44)
  #1 /Users/jonathann/Sites/knowledge-base/inc/Extension/EventHandler.php(80): action_plugin_ckgedit_mediamanager->mediaman_started(Object(dokuwiki\Extension\Event), NULL)
  #2 /Users/jonathann/Sites/knowledge-base/inc/Extension/Event.php(97): dokuwiki\Extension\EventHandler->process_event(Object(dokuwiki\Extension\Event), 'AFTER')
  #3 /Users/jonathann/Sites/knowledge-base/inc/Extension/Event.php(137): dokuwiki\Extension\Event->advise_after()
  #4 /Users/jonathann/Sites/knowledge-base/inc/Extension/Event.php(200): dokuwiki\Extension\Event->trigger(NULL, false)
  #5 /Users/jonathann/Sites/knowledge-base/lib/exe/mediamanager.php(48): dokuwiki\Extension\Event::createAndTrigger('MEDIAMANAGER_ST...', Array)
  #6 /Users/jonathann/Sites/knowledge-base/inc/template.php(1832): require_once('/Users/jonathan...')
  #7 /Users/jonathann/Sites/knowledge-base/inc/Action/Media.php(23): tpl_media()
  #8 /Users/jonathann/Sites/knowledge-base/inc/template.php(120): dokuwiki\Action\Media->tplContent()
  #9 [internal function]: tpl_content_core('media')
  #10 /Users/jonathann/Sites/knowledge-base/inc/Extension/Event.php(134): call_user_func_array('tpl_content_cor...', Array)
  #11 /Users/jonathann/Sites/knowledge-base/inc/Extension/Event.php(200): dokuwiki\Extension\Event->trigger('tpl_content_cor...', true)
  #12 /Users/jonathann/Sites/knowledge-base/inc/template.php(102): dokuwiki\Extension\Event::createAndTrigger('TPL_ACT_RENDER', 'media', 'tpl_content_cor...')
  #13 /Users/jonathann/Sites/knowledge-base/lib/tpl/dokuwiki/main.php(60): tpl_content()
  #14 /Users/jonathann/Sites/knowledge-base/inc/actions.php(30): include('/Users/jonathan...')
  #15 /Users/jonathann/Sites/knowledge-base/doku.php(131): act_dispatch()
  #16 {main}
2024-11-08 20:18:15	/Users/jonathann/Sites/knowledge-base/lib/plugins/ckgedit/action/mediamanager.php(46)	E_WARNING: Undefined array key "onselect"
  #0 /Users/jonathann/Sites/knowledge-base/lib/plugins/ckgedit/action/mediamanager.php(46): dokuwiki\ErrorHandler::errorHandler(2, 'Undefined array...', '/Users/jonathan...', 46)
  #1 /Users/jonathann/Sites/knowledge-base/inc/Extension/EventHandler.php(80): action_plugin_ckgedit_mediamanager->mediaman_started(Object(dokuwiki\Extension\Event), NULL)
  #2 /Users/jonathann/Sites/knowledge-base/inc/Extension/Event.php(97): dokuwiki\Extension\EventHandler->process_event(Object(dokuwiki\Extension\Event), 'AFTER')
  #3 /Users/jonathann/Sites/knowledge-base/inc/Extension/Event.php(137): dokuwiki\Extension\Event->advise_after()
  #4 /Users/jonathann/Sites/knowledge-base/inc/Extension/Event.php(200): dokuwiki\Extension\Event->trigger(NULL, false)
  #5 /Users/jonathann/Sites/knowledge-base/lib/exe/mediamanager.php(48): dokuwiki\Extension\Event::createAndTrigger('MEDIAMANAGER_ST...', Array)
  #6 /Users/jonathann/Sites/knowledge-base/inc/template.php(1832): require_once('/Users/jonathan...')
  #7 /Users/jonathann/Sites/knowledge-base/inc/Action/Media.php(23): tpl_media()
  #8 /Users/jonathann/Sites/knowledge-base/inc/template.php(120): dokuwiki\Action\Media->tplContent()
  #9 [internal function]: tpl_content_core('media')
  #10 /Users/jonathann/Sites/knowledge-base/inc/Extension/Event.php(134): call_user_func_array('tpl_content_cor...', Array)
  #11 /Users/jonathann/Sites/knowledge-base/inc/Extension/Event.php(200): dokuwiki\Extension\Event->trigger('tpl_content_cor...', true)
  #12 /Users/jonathann/Sites/knowledge-base/inc/template.php(102): dokuwiki\Extension\Event::createAndTrigger('TPL_ACT_RENDER', 'media', 'tpl_content_cor...')
  #13 /Users/jonathann/Sites/knowledge-base/lib/tpl/dokuwiki/main.php(60): tpl_content()
  #14 /Users/jonathann/Sites/knowledge-base/inc/actions.php(30): include('/Users/jonathan...')
  #15 /Users/jonathann/Sites/knowledge-base/doku.php(131): act_dispatch()
  #16 {main}
2024-11-08 20:18:49	/Users/jonathann/Sites/knowledge-base/lib/plugins/ckgedit/helper.php(142)	E_WARNING: Trying to access array offset on null
  #0 /Users/jonathann/Sites/knowledge-base/lib/plugins/ckgedit/helper.php(142): dokuwiki\ErrorHandler::errorHandler(2, 'Trying to acces...', '/Users/jonathan...', 142)
  #1 /Users/jonathann/Sites/knowledge-base/lib/plugins/ckgedit/action/edit.php(656): helper_plugin_ckgedit->registerOnLoad('\n\t\t   ckgeditCK...')
  #2 /Users/jonathann/Sites/knowledge-base/lib/plugins/ckgedit/action/edit.php(180): action_plugin_ckgedit_edit->_print()
  #3 /Users/jonathann/Sites/knowledge-base/inc/Extension/EventHandler.php(80): action_plugin_ckgedit_edit->ckgedit_edit(Object(dokuwiki\Extension\Event), NULL)
  #4 /Users/jonathann/Sites/knowledge-base/inc/Extension/Event.php(75): dokuwiki\Extension\EventHandler->process_event(Object(dokuwiki\Extension\Event), 'BEFORE')
  #5 /Users/jonathann/Sites/knowledge-base/inc/Extension/Event.php(133): dokuwiki\Extension\Event->advise_before(true)
  #6 /Users/jonathann/Sites/knowledge-base/inc/Extension/Event.php(200): dokuwiki\Extension\Event->trigger('tpl_content_cor...', true)
  #7 /Users/jonathann/Sites/knowledge-base/inc/template.php(102): dokuwiki\Extension\Event::createAndTrigger('TPL_ACT_RENDER', 'edit', 'tpl_content_cor...')
  #8 /Users/jonathann/Sites/knowledge-base/lib/tpl/dokuwiki/main.php(60): tpl_content()
  #9 /Users/jonathann/Sites/knowledge-base/inc/actions.php(30): include('/Users/jonathan...')
  #10 /Users/jonathann/Sites/knowledge-base/doku.php(131): act_dispatch()
  #11 {main}
2024-11-08 20:18:49	/Users/jonathann/Sites/knowledge-base/lib/plugins/ckgedit/helper.php(143)	E_WARNING: Trying to access array offset on null
  #0 /Users/jonathann/Sites/knowledge-base/lib/plugins/ckgedit/helper.php(143): dokuwiki\ErrorHandler::errorHandler(2, 'Trying to acces...', '/Users/jonathan...', 143)
  #1 /Users/jonathann/Sites/knowledge-base/lib/plugins/ckgedit/action/edit.php(656): helper_plugin_ckgedit->registerOnLoad('\n\t\t   ckgeditCK...')
  #2 /Users/jonathann/Sites/knowledge-base/lib/plugins/ckgedit/action/edit.php(180): action_plugin_ckgedit_edit->_print()
  #3 /Users/jonathann/Sites/knowledge-base/inc/Extension/EventHandler.php(80): action_plugin_ckgedit_edit->ckgedit_edit(Object(dokuwiki\Extension\Event), NULL)
  #4 /Users/jonathann/Sites/knowledge-base/inc/Extension/Event.php(75): dokuwiki\Extension\EventHandler->process_event(Object(dokuwiki\Extension\Event), 'BEFORE')
  #5 /Users/jonathann/Sites/knowledge-base/inc/Extension/Event.php(133): dokuwiki\Extension\Event->advise_before(true)
  #6 /Users/jonathann/Sites/knowledge-base/inc/Extension/Event.php(200): dokuwiki\Extension\Event->trigger('tpl_content_cor...', true)
  #7 /Users/jonathann/Sites/knowledge-base/inc/template.php(102): dokuwiki\Extension\Event::createAndTrigger('TPL_ACT_RENDER', 'edit', 'tpl_content_cor...')
  #8 /Users/jonathann/Sites/knowledge-base/lib/tpl/dokuwiki/main.php(60): tpl_content()
  #9 /Users/jonathann/Sites/knowledge-base/inc/actions.php(30): include('/Users/jonathan...')
  #10 /Users/jonathann/Sites/knowledge-base/doku.php(131): act_dispatch()
  #11 {main}
2024-11-08 20:18:49	/Users/jonathann/Sites/knowledge-base/lib/plugins/ckgedit/helper.php(146)	E_WARNING: Trying to access array offset on null
  #0 /Users/jonathann/Sites/knowledge-base/lib/plugins/ckgedit/helper.php(146): dokuwiki\ErrorHandler::errorHandler(2, 'Trying to acces...', '/Users/jonathan...', 146)
  #1 /Users/jonathann/Sites/knowledge-base/lib/plugins/ckgedit/action/edit.php(656): helper_plugin_ckgedit->registerOnLoad('\n\t\t   ckgeditCK...')
  #2 /Users/jonathann/Sites/knowledge-base/lib/plugins/ckgedit/action/edit.php(180): action_plugin_ckgedit_edit->_print()
  #3 /Users/jonathann/Sites/knowledge-base/inc/Extension/EventHandler.php(80): action_plugin_ckgedit_edit->ckgedit_edit(Object(dokuwiki\Extension\Event), NULL)
  #4 /Users/jonathann/Sites/knowledge-base/inc/Extension/Event.php(75): dokuwiki\Extension\EventHandler->process_event(Object(dokuwiki\Extension\Event), 'BEFORE')
  #5 /Users/jonathann/Sites/knowledge-base/inc/Extension/Event.php(133): dokuwiki\Extension\Event->advise_before(true)
  #6 /Users/jonathann/Sites/knowledge-base/inc/Extension/Event.php(200): dokuwiki\Extension\Event->trigger('tpl_content_cor...', true)
  #7 /Users/jonathann/Sites/knowledge-base/inc/template.php(102): dokuwiki\Extension\Event::createAndTrigger('TPL_ACT_RENDER', 'edit', 'tpl_content_cor...')
  #8 /Users/jonathann/Sites/knowledge-base/lib/tpl/dokuwiki/main.php(60): tpl_content()
  #9 /Users/jonathann/Sites/knowledge-base/inc/actions.php(30): include('/Users/jonathan...')
  #10 /Users/jonathann/Sites/knowledge-base/doku.php(131): act_dispatch()
  #11 {main}
